#################################################################################################################################################################
### LSTM best-model sweep started: 20260129_184850                                                                                                            ###
### sweep_name=lstm_best_UR3_Load0_cc_delanModelStory_20260129_184850                                                                                         ###
### logs_dir=/home/robat/.localgit/algorithmic_payload_estimation/payload_estimation/shared/logs/lstm_best_UR3_Load0_cc_delanModelStory_20260129_184850       ###
### dataset=UR3_Load0_cc run_tag=delanModelStory                                                                                                              ###
### raw_csv=/workspace/shared/data/raw/UR3_Load0_cc.csv                                                                                                       ###
### col_format=wide derive_qdd=True                                                                                                                           ###
### test_fraction=0.2 val_fraction=0.1                                                                                                                        ###
### dataset_seeds=[0, 1]                                                                                                                                      ###
### feature_modes=['full', 'state']                                                                                                                           ###
### H_list=[50, 100]                                                                                                                                          ###
### lstm_seeds=[0, 1]                                                                                                                                         ###
### score_lambda=0.5 score_penalty=10.0                                                                                                                       ###
### LSTM: epochs=120 batch=64 units=128 dropout=0.2                                                                                                           ###
### delan_hypers_jsonl=/workspace/shared/evaluation/summary_delan_best_hypers_20260129_154853.jsonl                                                           ###
### delan_folds_jsonl=/workspace/shared/evaluation/summary_delan_best_folds_20260129_154853.jsonl                                                             ###
### delan_model_json=/workspace/shared/evaluation/delan_best_model_20260129_154853.json                                                                       ###
### runs_csv=/home/robat/.localgit/algorithmic_payload_estimation/payload_estimation/shared/evaluation/summary_lstm_best_runs_20260129_184850.csv             ###
### runs_jsonl=/home/robat/.localgit/algorithmic_payload_estimation/payload_estimation/shared/evaluation/summary_lstm_best_runs_20260129_184850.jsonl         ###
### configs_csv=/home/robat/.localgit/algorithmic_payload_estimation/payload_estimation/shared/evaluation/summary_lstm_best_configs_20260129_184850.csv       ###
### configs_jsonl=/home/robat/.localgit/algorithmic_payload_estimation/payload_estimation/shared/evaluation/summary_lstm_best_configs_20260129_184850.jsonl   ###
### fh_csv=/home/robat/.localgit/algorithmic_payload_estimation/payload_estimation/shared/evaluation/summary_lstm_best_fh_20260129_184850.csv                 ###
### fh_jsonl=/home/robat/.localgit/algorithmic_payload_estimation/payload_estimation/shared/evaluation/summary_lstm_best_fh_20260129_184850.jsonl             ###
### combined_csv=/home/robat/.localgit/algorithmic_payload_estimation/payload_estimation/shared/evaluation/summary_lstm_best_combined_20260129_184850.csv     ###
### combined_jsonl=/home/robat/.localgit/algorithmic_payload_estimation/payload_estimation/shared/evaluation/summary_lstm_best_combined_20260129_184850.jsonl ###
### best_model_json=/home/robat/.localgit/algorithmic_payload_estimation/payload_estimation/shared/evaluation/lstm_best_model_20260129_184850.json            ###
#################################################################################################################################################################

[OK] d=0 feat=full H=50 score=0.1017 log=/home/robat/.localgit/algorithmic_payload_estimation/payload_estimation/shared/logs/lstm_best_UR3_Load0_cc_delanModelStory_20260129_184850/run_lstm_best_d0_20260129_184850.log

[OK] d=0 feat=full H=100 score=0.1031 log=/home/robat/.localgit/algorithmic_payload_estimation/payload_estimation/shared/logs/lstm_best_UR3_Load0_cc_delanModelStory_20260129_184850/run_lstm_best_d0_20260129_184850.log

[OK] d=0 feat=state H=50 score=0.1015 log=/home/robat/.localgit/algorithmic_payload_estimation/payload_estimation/shared/logs/lstm_best_UR3_Load0_cc_delanModelStory_20260129_184850/run_lstm_best_d0_20260129_184850.log

[OK] d=0 feat=state H=100 score=0.0999 log=/home/robat/.localgit/algorithmic_payload_estimation/payload_estimation/shared/logs/lstm_best_UR3_Load0_cc_delanModelStory_20260129_184850/run_lstm_best_d0_20260129_184850.log

[OK] d=1 feat=full H=50 score=0.0891 log=/home/robat/.localgit/algorithmic_payload_estimation/payload_estimation/shared/logs/lstm_best_UR3_Load0_cc_delanModelStory_20260129_184850/run_lstm_best_d1_20260129_184850.log

[OK] d=1 feat=full H=100 score=0.0914 log=/home/robat/.localgit/algorithmic_payload_estimation/payload_estimation/shared/logs/lstm_best_UR3_Load0_cc_delanModelStory_20260129_184850/run_lstm_best_d1_20260129_184850.log

[OK] d=1 feat=state H=50 score=0.0925 log=/home/robat/.localgit/algorithmic_payload_estimation/payload_estimation/shared/logs/lstm_best_UR3_Load0_cc_delanModelStory_20260129_184850/run_lstm_best_d1_20260129_184850.log

[OK] d=1 feat=state H=100 score=0.0975 log=/home/robat/.localgit/algorithmic_payload_estimation/payload_estimation/shared/logs/lstm_best_UR3_Load0_cc_delanModelStory_20260129_184850/run_lstm_best_d1_20260129_184850.log

#####################################
### Best LSTM combined evaluation ###
#####################################
