######################################################################################################################################################################
### Sweep1 started: 20260127_005541                                                                                                                                ###
### sweep_name=sweep1_UR3_Load0_cc_trajKdom_20260127_005541                                                                                                        ###
### logs_dir=/home/robat/.localgit/algorithmic_payload_estimation/payload_estimation/shared/logs/sweep1_UR3_Load0_cc_trajKdom_20260127_005541                      ###
### dataset=UR3_Load0_cc run_tag=trajKdom                                                                                                                          ###
### raw_csv=/workspace/shared/data/raw/UR3_Load0_cc.csv                                                                                                            ###
### col_format=wide derive_qdd=True                                                                                                                                ###
### traj_amounts=[8, 16, 32, 48, 64, 84, 122] test_fracs=0.2 seeds=[0, 1, 2]                                                                                       ###
### val_fraction=0.1                                                                                                                                               ###
### H=[100] feature_modes=['full']                                                                                                                                 ###
### lowpass_signals=True cutoff_hz=10.0 order=4 lowpass_qdd=False                                                                                                  ###
### DeLaN: backend=jax type=structured hp_preset=lutter_like_256 epochs=200                                                                                        ###
### LSTM: epochs_max=120 batch=64 val_split=0.1                                                                                                                    ###
### metrics_csv=/workspace/shared/evaluation/summary_metrics_sweep_1_20260127_005541.csv                                                                           ###
### metrics_json=/workspace/shared/evaluation/summary_metrics_sweep_1_20260127_005541.jsonl                                                                        ###
### delan_summary_csv(host)=/home/robat/.localgit/algorithmic_payload_estimation/payload_estimation/shared/evaluation/summary_delan_sweep_1_20260127_005541.csv    ###
### delan_summary_json(host)=/home/robat/.localgit/algorithmic_payload_estimation/payload_estimation/shared/evaluation/summary_delan_sweep_1_20260127_005541.jsonl ###
### lstm_summary_csv(host)=/home/robat/.localgit/algorithmic_payload_estimation/payload_estimation/shared/evaluation/summary_lstm_sweep_1_20260127_005541.csv      ###
### lstm_summary_json(host)=/home/robat/.localgit/algorithmic_payload_estimation/payload_estimation/shared/evaluation/summary_lstm_sweep_1_20260127_005541.jsonl   ###
######################################################################################################################################################################

##########################################################
### SUBSWEEP: lowpass_qdd=False  K=8 test_fraction=0.2 ###
##########################################################

[OK] lowpass_qdd=False K=8 tf=0.2 seed=0  log=/home/robat/.localgit/algorithmic_payload_estimation/payload_estimation/shared/logs/sweep1_UR3_Load0_cc_trajKdom_20260127_005541/run1_K8_seed0_20260127_005541.log

[OK] lowpass_qdd=False K=8 tf=0.2 seed=1  log=/home/robat/.localgit/algorithmic_payload_estimation/payload_estimation/shared/logs/sweep1_UR3_Load0_cc_trajKdom_20260127_005541/run1_K8_seed1_20260127_005541.log

[OK] lowpass_qdd=False K=8 tf=0.2 seed=2  log=/home/robat/.localgit/algorithmic_payload_estimation/payload_estimation/shared/logs/sweep1_UR3_Load0_cc_trajKdom_20260127_005541/run1_K8_seed2_20260127_005541.log

###########################################################
### SUBSWEEP: lowpass_qdd=False  K=16 test_fraction=0.2 ###
###########################################################

[OK] lowpass_qdd=False K=16 tf=0.2 seed=0  log=/home/robat/.localgit/algorithmic_payload_estimation/payload_estimation/shared/logs/sweep1_UR3_Load0_cc_trajKdom_20260127_005541/run1_K16_seed0_20260127_005541.log

[OK] lowpass_qdd=False K=16 tf=0.2 seed=1  log=/home/robat/.localgit/algorithmic_payload_estimation/payload_estimation/shared/logs/sweep1_UR3_Load0_cc_trajKdom_20260127_005541/run1_K16_seed1_20260127_005541.log

[OK] lowpass_qdd=False K=16 tf=0.2 seed=2  log=/home/robat/.localgit/algorithmic_payload_estimation/payload_estimation/shared/logs/sweep1_UR3_Load0_cc_trajKdom_20260127_005541/run1_K16_seed2_20260127_005541.log

###########################################################
### SUBSWEEP: lowpass_qdd=False  K=32 test_fraction=0.2 ###
###########################################################

[OK] lowpass_qdd=False K=32 tf=0.2 seed=0  log=/home/robat/.localgit/algorithmic_payload_estimation/payload_estimation/shared/logs/sweep1_UR3_Load0_cc_trajKdom_20260127_005541/run1_K32_seed0_20260127_005541.log

[OK] lowpass_qdd=False K=32 tf=0.2 seed=1  log=/home/robat/.localgit/algorithmic_payload_estimation/payload_estimation/shared/logs/sweep1_UR3_Load0_cc_trajKdom_20260127_005541/run1_K32_seed1_20260127_005541.log

[OK] lowpass_qdd=False K=32 tf=0.2 seed=2  log=/home/robat/.localgit/algorithmic_payload_estimation/payload_estimation/shared/logs/sweep1_UR3_Load0_cc_trajKdom_20260127_005541/run1_K32_seed2_20260127_005541.log

###########################################################
### SUBSWEEP: lowpass_qdd=False  K=48 test_fraction=0.2 ###
###########################################################

[OK] lowpass_qdd=False K=48 tf=0.2 seed=0  log=/home/robat/.localgit/algorithmic_payload_estimation/payload_estimation/shared/logs/sweep1_UR3_Load0_cc_trajKdom_20260127_005541/run1_K48_seed0_20260127_005541.log

[OK] lowpass_qdd=False K=48 tf=0.2 seed=1  log=/home/robat/.localgit/algorithmic_payload_estimation/payload_estimation/shared/logs/sweep1_UR3_Load0_cc_trajKdom_20260127_005541/run1_K48_seed1_20260127_005541.log

[OK] lowpass_qdd=False K=48 tf=0.2 seed=2  log=/home/robat/.localgit/algorithmic_payload_estimation/payload_estimation/shared/logs/sweep1_UR3_Load0_cc_trajKdom_20260127_005541/run1_K48_seed2_20260127_005541.log

###########################################################
### SUBSWEEP: lowpass_qdd=False  K=64 test_fraction=0.2 ###
###########################################################

[OK] lowpass_qdd=False K=64 tf=0.2 seed=0  log=/home/robat/.localgit/algorithmic_payload_estimation/payload_estimation/shared/logs/sweep1_UR3_Load0_cc_trajKdom_20260127_005541/run1_K64_seed0_20260127_005541.log

[OK] lowpass_qdd=False K=64 tf=0.2 seed=1  log=/home/robat/.localgit/algorithmic_payload_estimation/payload_estimation/shared/logs/sweep1_UR3_Load0_cc_trajKdom_20260127_005541/run1_K64_seed1_20260127_005541.log

[OK] lowpass_qdd=False K=64 tf=0.2 seed=2  log=/home/robat/.localgit/algorithmic_payload_estimation/payload_estimation/shared/logs/sweep1_UR3_Load0_cc_trajKdom_20260127_005541/run1_K64_seed2_20260127_005541.log

###########################################################
### SUBSWEEP: lowpass_qdd=False  K=84 test_fraction=0.2 ###
###########################################################

[OK] lowpass_qdd=False K=84 tf=0.2 seed=0  log=/home/robat/.localgit/algorithmic_payload_estimation/payload_estimation/shared/logs/sweep1_UR3_Load0_cc_trajKdom_20260127_005541/run1_K84_seed0_20260127_005541.log

[OK] lowpass_qdd=False K=84 tf=0.2 seed=1  log=/home/robat/.localgit/algorithmic_payload_estimation/payload_estimation/shared/logs/sweep1_UR3_Load0_cc_trajKdom_20260127_005541/run1_K84_seed1_20260127_005541.log

[OK] lowpass_qdd=False K=84 tf=0.2 seed=2  log=/home/robat/.localgit/algorithmic_payload_estimation/payload_estimation/shared/logs/sweep1_UR3_Load0_cc_trajKdom_20260127_005541/run1_K84_seed2_20260127_005541.log

############################################################
### SUBSWEEP: lowpass_qdd=False  K=122 test_fraction=0.2 ###
############################################################

[OK] lowpass_qdd=False K=122 tf=0.2 seed=0  log=/home/robat/.localgit/algorithmic_payload_estimation/payload_estimation/shared/logs/sweep1_UR3_Load0_cc_trajKdom_20260127_005541/run1_K122_seed0_20260127_005541.log

[OK] lowpass_qdd=False K=122 tf=0.2 seed=1  log=/home/robat/.localgit/algorithmic_payload_estimation/payload_estimation/shared/logs/sweep1_UR3_Load0_cc_trajKdom_20260127_005541/run1_K122_seed1_20260127_005541.log

[OK] lowpass_qdd=False K=122 tf=0.2 seed=2  log=/home/robat/.localgit/algorithmic_payload_estimation/payload_estimation/shared/logs/sweep1_UR3_Load0_cc_trajKdom_20260127_005541/run1_K122_seed2_20260127_005541.log

###############################
### Delan elbow aggregation ###
###############################

================================================================================================================================================================================================================================================================================================================================================================================================================================================================================================================================================================================================================================================
=== docker compose -p payload_estimation --project-directory /home/robat/.localgit/algorithmic_payload_estimation/payload_estimation --env-file /home/robat/.localgit/algorithmic_payload_estimation/payload_estimation/.env -f /home/robat/.localgit/algorithmic_payload_estimation/payload_estimation/docker-compose.yml exec -T evaluation bash -lc 'python3 scripts/delan_training_dynamics_aggregate.py --summary_jsonl /workspace/shared/evaluation/summary_delan_sweep_1_20260127_005541.jsonl --out_dir /workspace/shared/evaluation/delan_elbows/UR3_Load0_cc__trajKdom__20260127_005541 --pad_to_epochs 200 --write_best_overlays' ===
================================================================================================================================================================================================================================================================================================================================================================================================================================================================================================================================================================================================================================================


#####################################
### Delan torque RMSE aggregation ###
#####################################

============================================================================================================================================================================================================================================================================================================================================================================================================================================================================================================================================================================================================
=== docker compose -p payload_estimation --project-directory /home/robat/.localgit/algorithmic_payload_estimation/payload_estimation --env-file /home/robat/.localgit/algorithmic_payload_estimation/payload_estimation/.env -f /home/robat/.localgit/algorithmic_payload_estimation/payload_estimation/docker-compose.yml exec -T evaluation bash -lc 'python3 scripts/delan_torque_rmse_aggregate.py --summary_jsonl /workspace/shared/evaluation/summary_delan_sweep_1_20260127_005541.jsonl --out_dir /workspace/shared/evaluation/delan_torque/UR3_Load0_cc__trajKdom__20260127_005541 --bins 200 ' ===
============================================================================================================================================================================================================================================================================================================================================================================================================================================================================================================================================================================================================


#########################################################
### LSTM training dynamics aggregation (feature=full) ###
#########################################################

=================================================================================================================================================================================================================================================================================================================================================================================================================================================================================================================================================================================================================================================================
=== docker compose -p payload_estimation --project-directory /home/robat/.localgit/algorithmic_payload_estimation/payload_estimation --env-file /home/robat/.localgit/algorithmic_payload_estimation/payload_estimation/.env -f /home/robat/.localgit/algorithmic_payload_estimation/payload_estimation/docker-compose.yml exec -T evaluation bash -lc 'python3 scripts/lstm_training_dynamics_aggregate.py --summary_jsonl /workspace/shared/evaluation/summary_lstm_sweep_1_20260127_005541.jsonl --out_dir /workspace/shared/evaluation/lstm_aggregate/UR3_Load0_cc__trajKdom__20260127_005541__feat_full --pad_to_epochs 120 --align max --feature full ' ===
=================================================================================================================================================================================================================================================================================================================================================================================================================================================================================================================================================================================================================================================================


#####################################################
### LSTM residual RMSE aggregation (feature=full) ###
#####################################################

========================================================================================================================================================================================================================================================================================================================================================================================================================================================================================================================================================================================================================================
=== docker compose -p payload_estimation --project-directory /home/robat/.localgit/algorithmic_payload_estimation/payload_estimation --env-file /home/robat/.localgit/algorithmic_payload_estimation/payload_estimation/.env -f /home/robat/.localgit/algorithmic_payload_estimation/payload_estimation/docker-compose.yml exec -T evaluation bash -lc 'python3 scripts/lstm_residual_rmse_aggregate.py --summary_jsonl /workspace/shared/evaluation/summary_lstm_sweep_1_20260127_005541.jsonl --out_dir /workspace/shared/evaluation/lstm_aggregate/UR3_Load0_cc__trajKdom__20260127_005541__feat_full --bins 200 --feature full ' ===
========================================================================================================================================================================================================================================================================================================================================================================================================================================================================================================================================================================================================================================


########################################
### Combined torque RMSE aggregation ###
########################################

====================================================================================================================================================================================================================================================================================================================================================================================================================================================================================================================================================================================================================
=== docker compose -p payload_estimation --project-directory /home/robat/.localgit/algorithmic_payload_estimation/payload_estimation --env-file /home/robat/.localgit/algorithmic_payload_estimation/payload_estimation/.env -f /home/robat/.localgit/algorithmic_payload_estimation/payload_estimation/docker-compose.yml exec -T evaluation bash -lc 'python3 scripts/combined_torque_rmse_aggregate.py --summary_jsonl /workspace/shared/evaluation/summary_metrics_sweep_1_20260127_005541.jsonl --out_dir /workspace/shared/evaluation/combined_torque/UR3_Load0_cc__trajKdom__20260127_005541 --bins 200 ' ===
====================================================================================================================================================================================================================================================================================================================================================================================================================================================================================================================================================================================================================
Traceback (most recent call last):
  File "/workspace/evaluation/scripts/combined_torque_rmse_aggregate.py", line 350, in <module>
    main()
  File "/workspace/evaluation/scripts/combined_torque_rmse_aggregate.py", line 171, in main
    err_rg = tau_rg_valid_all - tau_gt_valid_all
             ~~~~~~~~~~~~~~~~~^~~~~~~~~~~~~~~~~~
ValueError: operands could not be broadcast together with shapes (802,6) (1301,6) 

