###############################################################################################
### Sweep1 started: 20260124_014808                                                         ###
### dataset=delan_UR3_Load0_combined_26 run_tag=A                                           ###
### raw_csv=/workspace/shared/data/raw/delan_UR3_Load0_combined_26.csv                      ###
### col_format=wide derive_qdd=True                                                         ###
### traj_amounts=[50, 75, 100, 150, 180] test_fracs=[0.2] seeds=[0, 1, 2]                   ###
### val_fraction=0.1                                                                        ###
### H=[100, 150] feature_modes=['full']                                                     ###
### filter_accel=True cutoff_hz=8.0 order=4 filter_qdd=True                                 ###
### DeLaN: backend=jax type=structured hp_preset=lutter_like_256 epochs=400                 ###
### LSTM: epochs_max=120 batch=64 val_split=0.1                                             ###
### metrics_csv=/workspace/shared/evaluation/summary_metrics_sweep_1_20260124_014808.csv    ###
### metrics_json=/workspace/shared/evaluation/summary_metrics_sweep_1_20260124_014808.jsonl ###
###############################################################################################

########################################
### SUBSWEEP: K=50 test_fraction=0.2 ###
########################################

[OK] K=50 tf=0.2 seed=0  log=logs_sweeps/run1_K50_tf0p2_seed0_20260124_014808.log

[OK] K=50 tf=0.2 seed=1  log=logs_sweeps/run1_K50_tf0p2_seed1_20260124_014808.log

[OK] K=50 tf=0.2 seed=2  log=logs_sweeps/run1_K50_tf0p2_seed2_20260124_014808.log

########################################
### SUBSWEEP: K=75 test_fraction=0.2 ###
########################################

[OK] K=75 tf=0.2 seed=0  log=logs_sweeps/run1_K75_tf0p2_seed0_20260124_014808.log

[OK] K=75 tf=0.2 seed=1  log=logs_sweeps/run1_K75_tf0p2_seed1_20260124_014808.log

[OK] K=75 tf=0.2 seed=2  log=logs_sweeps/run1_K75_tf0p2_seed2_20260124_014808.log

#########################################
### SUBSWEEP: K=100 test_fraction=0.2 ###
#########################################

[OK] K=100 tf=0.2 seed=0  log=logs_sweeps/run1_K100_tf0p2_seed0_20260124_014808.log

[OK] K=100 tf=0.2 seed=1  log=logs_sweeps/run1_K100_tf0p2_seed1_20260124_014808.log

[OK] K=100 tf=0.2 seed=2  log=logs_sweeps/run1_K100_tf0p2_seed2_20260124_014808.log

#########################################
### SUBSWEEP: K=150 test_fraction=0.2 ###
#########################################

[OK] K=150 tf=0.2 seed=0  log=logs_sweeps/run1_K150_tf0p2_seed0_20260124_014808.log

[OK] K=150 tf=0.2 seed=1  log=logs_sweeps/run1_K150_tf0p2_seed1_20260124_014808.log

[OK] K=150 tf=0.2 seed=2  log=logs_sweeps/run1_K150_tf0p2_seed2_20260124_014808.log

#########################################
### SUBSWEEP: K=180 test_fraction=0.2 ###
#########################################

[OK] K=180 tf=0.2 seed=0  log=logs_sweeps/run1_K180_tf0p2_seed0_20260124_014808.log

[OK] K=180 tf=0.2 seed=1  log=logs_sweeps/run1_K180_tf0p2_seed1_20260124_014808.log

[OK] K=180 tf=0.2 seed=2  log=logs_sweeps/run1_K180_tf0p2_seed2_20260124_014808.log

##########################
### Sweep1 finished OK ###
##########################
