########################################################################################################################################################
### RUN: lowpass_qdd=False  K=32 test_fraction=0.2 seed=0                                                                                            ###
### npz_in=/workspace/shared/data/preprocessed/delan_UR3_Load0_cc_K32_tf0p2_vf0p1_seed0_dataset/delan_UR3_Load0_cc_K32_tf0p2_vf0p1_seed0_dataset.npz ###
########################################################################################################################################################

#####################
### 1) PREPROCESS ###
#####################

======================================================================================================================================================================================================================================================================================================================================================================================================================================================================================================================================================================================================================================================================================================================================================================================================================
=== docker compose -p payload_estimation --project-directory /home/robat/.localgit/algorithmic_payload_estimation/payload_estimation --env-file /home/robat/.localgit/algorithmic_payload_estimation/payload_estimation/.env -f /home/robat/.localgit/algorithmic_payload_estimation/payload_estimation/docker-compose.yml exec -T preprocess bash -lc 'python3 scripts/build_delan_dataset.py --derive_qdd_from_qd True --col_format wide --trajectory_amount 32 --test_fraction 0.2 --val_fraction 0.1 --seed 0 --lowpass_signals True --lowpass_cutoff_hz 10.0 --lowpass_order 4 --lowpass_qdd False --raw_csv /workspace/shared/data/raw/UR3_Load0_cc.csv --out_npz /workspace/shared/data/preprocessed/delan_UR3_Load0_cc_K32_tf0p2_vf0p1_seed0_dataset/delan_UR3_Load0_cc_K32_tf0p2_vf0p1_seed0_dataset.npz' ===
======================================================================================================================================================================================================================================================================================================================================================================================================================================================================================================================================================================================================================================================================================================================================================================================================================
Saved: /workspace/shared/data/preprocessed/delan_UR3_Load0_cc_K32_tf0p2_vf0p1_seed0_dataset/delan_UR3_Load0_cc_K32_tf0p2_vf0p1_seed0_dataset.npz
Saved: /workspace/shared/data/preprocessed/delan_UR3_Load0_cc_K32_tf0p2_vf0p1_seed0_dataset/delan_UR3_Load0_cc_K32_tf0p2_vf0p1_seed0_dataset.json
Trajectories: train=23 val=3 test=6
Exists: True

#######################################################################################################################################################################################################################################################
### DELAN VARIANT: delan_seed=0                                                                                                                                                                                                                     ###
### ckpt=/workspace/shared/models/delan/UR3_Load0_cc__sweep1__K32__seed0__delan_jax_struct_s0_ep200_actsoftplus_b1024_lr1e-4_wd1e-5_w256_d2/UR3_Load0_cc__sweep1__K32__seed0__delan_jax_struct_s0_ep200_actsoftplus_b1024_lr1e-4_wd1e-5_w256_d2.jax ###
#######################################################################################################################################################################################################################################################

######################
### 2) DELAN TRAIN ###
######################

==========================================================================================================================================================================================================================================================================================================================================================================================================================================================================================================================================================================================================================================================================================================================================================================================================================================================================================================================================================================================================================
=== docker compose -p payload_estimation --project-directory /home/robat/.localgit/algorithmic_payload_estimation/payload_estimation --env-file /home/robat/.localgit/algorithmic_payload_estimation/payload_estimation/.env -f /home/robat/.localgit/algorithmic_payload_estimation/payload_estimation/docker-compose.yml exec -T delan_jax bash -lc 'python3 /workspace/delan_jax/scripts/rbyt_train_delan_jax.py --npz /workspace/shared/data/preprocessed/delan_UR3_Load0_cc_K32_tf0p2_vf0p1_seed0_dataset/delan_UR3_Load0_cc_K32_tf0p2_vf0p1_seed0_dataset.npz -t structured -s 0 -r 0 --hp_preset lutter_like_256 --epochs 200 --eval_every 1 --log_every 1 --early_stop --early_stop_patience 10 --early_stop_min_delta 0.0 --early_stop_warmup_evals 0 --save_path /workspace/shared/models/delan/UR3_Load0_cc__sweep1__K32__seed0__delan_jax_struct_s0_ep200_actsoftplus_b1024_lr1e-4_wd1e-5_w256_d2/UR3_Load0_cc__sweep1__K32__seed0__delan_jax_struct_s0_ep200_actsoftplus_b1024_lr1e-4_wd1e-5_w256_d2.jax' ===
==========================================================================================================================================================================================================================================================================================================================================================================================================================================================================================================================================================================================================================================================================================================================================================================================================================================================================================================================================================================================================================
Final hyper: {'dataset': 'UR3_Load0_cc__sweep1__K32__seed0__delan_jax_struct_s0_ep200_actsoftplus_b1024_lr1e-4_wd1e-5_w256_d2', 'n_width': 256, 'n_depth': 2, 'n_minibatch': 1024, 'diagonal_epsilon': 0.1, 'diagonal_shift': 2.0, 'activation': 'softplus', 'learning_rate': 0.0001, 'weight_decay': 1e-05, 'max_epoch': 200, 'lagrangian_type': <function structured_lagrangian_fn at 0x7301c2f38dc0>}


################################################
DeLaN run: UR3_Load0_cc__sweep1__K32__seed0__delan_jax_struct_s0_ep200_actsoftplus_b1024_lr1e-4_wd1e-5_w256_d2
  model_dir = /workspace/shared/models/delan/UR3_Load0_cc__sweep1__K32__seed0__delan_jax_struct_s0_ep200_actsoftplus_b1024_lr1e-4_wd1e-5_w256_d2
  ckpt_path = /workspace/shared/models/delan/UR3_Load0_cc__sweep1__K32__seed0__delan_jax_struct_s0_ep200_actsoftplus_b1024_lr1e-4_wd1e-5_w256_d2/UR3_Load0_cc__sweep1__K32__seed0__delan_jax_struct_s0_ep200_actsoftplus_b1024_lr1e-4_wd1e-5_w256_d2.jax
  type = structured
  hp_preset = lutter_like_256
################################################


################################################
Dataset: delan_UR3_Load0_cc_K32_tf0p2_vf0p1_seed0_dataset.npz
  npz = /workspace/shared/data/preprocessed/delan_UR3_Load0_cc_K32_tf0p2_vf0p1_seed0_dataset/delan_UR3_Load0_cc_K32_tf0p2_vf0p1_seed0_dataset.npz
   dt ≈ 0.018681430545724284
  dof = 6
  Train trajectories = 23
  Val trajectories   = 3
  Test trajectories  = 6
  Train samples = 22199
  Test samples  = 6000
################################################

2026-01-26 01:16:13.119420: W external/xla/xla/service/gpu/autotuning/dot_search_space.cc:200] All configs were filtered out because none of them sufficiently match the hints. Maybe the hints set does not contain a good representative set of valid configs?Working around this by using the full hints set instead.
2026-01-26 01:16:15.003367: W external/xla/xla/service/gpu/autotuning/dot_search_space.cc:200] All configs were filtered out because none of them sufficiently match the hints. Maybe the hints set does not contain a good representative set of valid configs?Working around this by using the full hints set instead.
################################################
Training DeLaN | run=UR3_Load0_cc__sweep1__K32__seed0__delan_jax_struct_s0_ep200_actsoftplus_b1024_lr1e-4_wd1e-5_w256_d2 | type=structured | dof=6
################################################
Epoch 00001: Time=   4.1s, Loss=2.25e+04, Inv=2.25e+04, For=5.91e+00, Power=3.05e+03
  [eval] val_mse=1.164e+03  (n=1500)
Epoch 00002: Time=   5.5s, Loss=2.25e+03, Inv=2.25e+03, For=5.67e+00, Power=3.20e+02
  [eval] val_mse=4.310e+02  (n=1500)
Epoch 00003: Time=   5.5s, Loss=8.79e+02, Inv=8.79e+02, For=5.51e+00, Power=1.12e+02
  [eval] val_mse=2.739e+02  (n=1500)
Epoch 00004: Time=   5.6s, Loss=4.82e+02, Inv=4.82e+02, For=5.37e+00, Power=6.76e+01
  [eval] val_mse=2.060e+02  (n=1500)
Epoch 00005: Time=   5.6s, Loss=3.20e+02, Inv=3.20e+02, For=5.26e+00, Power=4.67e+01
  [eval] val_mse=1.673e+02  (n=1500)
Epoch 00006: Time=   5.6s, Loss=2.34e+02, Inv=2.34e+02, For=5.18e+00, Power=3.51e+01
  [eval] val_mse=1.411e+02  (n=1500)
Epoch 00007: Time=   5.6s, Loss=1.81e+02, Inv=1.81e+02, For=5.11e+00, Power=2.67e+01
  [eval] val_mse=1.218e+02  (n=1500)
Epoch 00008: Time=   5.7s, Loss=1.44e+02, Inv=1.44e+02, For=5.05e+00, Power=2.12e+01
  [eval] val_mse=1.067e+02  (n=1500)
Epoch 00009: Time=   5.7s, Loss=1.18e+02, Inv=1.18e+02, For=5.02e+00, Power=1.73e+01
  [eval] val_mse=9.420e+01  (n=1500)
Epoch 00010: Time=   5.7s, Loss=9.89e+01, Inv=9.89e+01, For=4.98e+00, Power=1.45e+01
  [eval] val_mse=8.384e+01  (n=1500)
Epoch 00011: Time=   5.7s, Loss=8.45e+01, Inv=8.45e+01, For=4.96e+00, Power=1.22e+01
  [eval] val_mse=7.503e+01  (n=1500)
Epoch 00012: Time=   5.7s, Loss=7.30e+01, Inv=7.30e+01, For=4.94e+00, Power=1.05e+01
  [eval] val_mse=6.731e+01  (n=1500)
Epoch 00013: Time=   5.8s, Loss=6.39e+01, Inv=6.39e+01, For=4.95e+00, Power=9.17e+00
  [eval] val_mse=6.064e+01  (n=1500)
Epoch 00014: Time=   5.8s, Loss=5.62e+01, Inv=5.62e+01, For=4.93e+00, Power=8.06e+00
  [eval] val_mse=5.485e+01  (n=1500)
Epoch 00015: Time=   5.8s, Loss=5.02e+01, Inv=5.02e+01, For=4.96e+00, Power=7.19e+00
  [eval] val_mse=4.975e+01  (n=1500)
Epoch 00016: Time=   5.8s, Loss=4.49e+01, Inv=4.49e+01, For=4.96e+00, Power=6.45e+00
  [eval] val_mse=4.519e+01  (n=1500)
Epoch 00017: Time=   5.8s, Loss=4.07e+01, Inv=4.07e+01, For=4.97e+00, Power=5.84e+00
  [eval] val_mse=4.119e+01  (n=1500)
Epoch 00018: Time=   5.9s, Loss=3.69e+01, Inv=3.69e+01, For=4.99e+00, Power=5.29e+00
  [eval] val_mse=3.770e+01  (n=1500)
Epoch 00019: Time=   5.9s, Loss=3.38e+01, Inv=3.38e+01, For=5.05e+00, Power=4.89e+00
  [eval] val_mse=3.453e+01  (n=1500)
Epoch 00020: Time=   5.9s, Loss=3.11e+01, Inv=3.11e+01, For=5.08e+00, Power=4.54e+00
  [eval] val_mse=3.171e+01  (n=1500)
Epoch 00021: Time=   5.9s, Loss=2.86e+01, Inv=2.86e+01, For=5.10e+00, Power=4.17e+00
  [eval] val_mse=2.918e+01  (n=1500)
Epoch 00022: Time=   6.0s, Loss=2.65e+01, Inv=2.65e+01, For=5.17e+00, Power=3.92e+00
  [eval] val_mse=2.690e+01  (n=1500)
Epoch 00023: Time=   6.0s, Loss=2.45e+01, Inv=2.45e+01, For=5.18e+00, Power=3.66e+00
  [eval] val_mse=2.484e+01  (n=1500)
Epoch 00024: Time=   6.0s, Loss=2.30e+01, Inv=2.30e+01, For=5.24e+00, Power=3.45e+00
  [eval] val_mse=2.305e+01  (n=1500)
Epoch 00025: Time=   6.0s, Loss=2.15e+01, Inv=2.15e+01, For=5.29e+00, Power=3.24e+00
  [eval] val_mse=2.138e+01  (n=1500)
Epoch 00026: Time=   6.0s, Loss=2.02e+01, Inv=2.02e+01, For=5.35e+00, Power=3.09e+00
  [eval] val_mse=1.990e+01  (n=1500)
Epoch 00027: Time=   6.1s, Loss=1.90e+01, Inv=1.90e+01, For=5.42e+00, Power=2.94e+00
  [eval] val_mse=1.852e+01  (n=1500)
Epoch 00028: Time=   6.1s, Loss=1.79e+01, Inv=1.79e+01, For=5.44e+00, Power=2.79e+00
  [eval] val_mse=1.730e+01  (n=1500)
Epoch 00029: Time=   6.1s, Loss=1.69e+01, Inv=1.69e+01, For=5.51e+00, Power=2.67e+00
  [eval] val_mse=1.620e+01  (n=1500)
Epoch 00030: Time=   6.1s, Loss=1.61e+01, Inv=1.61e+01, For=5.56e+00, Power=2.55e+00
  [eval] val_mse=1.518e+01  (n=1500)
Epoch 00031: Time=   6.1s, Loss=1.53e+01, Inv=1.53e+01, For=5.63e+00, Power=2.45e+00
  [eval] val_mse=1.424e+01  (n=1500)
Epoch 00032: Time=   6.2s, Loss=1.46e+01, Inv=1.46e+01, For=5.71e+00, Power=2.37e+00
  [eval] val_mse=1.340e+01  (n=1500)
Epoch 00033: Time=   6.2s, Loss=1.39e+01, Inv=1.39e+01, For=5.76e+00, Power=2.28e+00
  [eval] val_mse=1.262e+01  (n=1500)
Epoch 00034: Time=   6.2s, Loss=1.33e+01, Inv=1.33e+01, For=5.83e+00, Power=2.21e+00
  [eval] val_mse=1.192e+01  (n=1500)
Epoch 00035: Time=   6.2s, Loss=1.27e+01, Inv=1.27e+01, For=5.87e+00, Power=2.13e+00
  [eval] val_mse=1.124e+01  (n=1500)
Epoch 00036: Time=   6.2s, Loss=1.22e+01, Inv=1.22e+01, For=5.95e+00, Power=2.07e+00
  [eval] val_mse=1.064e+01  (n=1500)
Epoch 00037: Time=   6.3s, Loss=1.18e+01, Inv=1.18e+01, For=6.01e+00, Power=2.01e+00
  [eval] val_mse=1.008e+01  (n=1500)
Epoch 00038: Time=   6.3s, Loss=1.13e+01, Inv=1.13e+01, For=6.10e+00, Power=1.95e+00
  [eval] val_mse=9.568e+00  (n=1500)
Epoch 00039: Time=   6.3s, Loss=1.10e+01, Inv=1.10e+01, For=6.19e+00, Power=1.92e+00
  [eval] val_mse=9.085e+00  (n=1500)
Epoch 00040: Time=   6.3s, Loss=1.06e+01, Inv=1.06e+01, For=6.24e+00, Power=1.87e+00
  [eval] val_mse=8.646e+00  (n=1500)
Epoch 00041: Time=   6.4s, Loss=1.02e+01, Inv=1.02e+01, For=6.31e+00, Power=1.82e+00
  [eval] val_mse=8.221e+00  (n=1500)
Epoch 00042: Time=   6.4s, Loss=9.87e+00, Inv=9.87e+00, For=6.39e+00, Power=1.78e+00
  [eval] val_mse=7.843e+00  (n=1500)
Epoch 00043: Time=   6.4s, Loss=9.60e+00, Inv=9.60e+00, For=6.48e+00, Power=1.74e+00
  [eval] val_mse=7.484e+00  (n=1500)
Epoch 00044: Time=   6.4s, Loss=9.29e+00, Inv=9.29e+00, For=6.58e+00, Power=1.71e+00
  [eval] val_mse=7.150e+00  (n=1500)
Epoch 00045: Time=   6.4s, Loss=9.05e+00, Inv=9.05e+00, For=6.68e+00, Power=1.69e+00
  [eval] val_mse=6.837e+00  (n=1500)
Epoch 00046: Time=   6.5s, Loss=8.80e+00, Inv=8.80e+00, For=6.76e+00, Power=1.66e+00
  [eval] val_mse=6.540e+00  (n=1500)
Epoch 00047: Time=   6.5s, Loss=8.58e+00, Inv=8.58e+00, For=6.86e+00, Power=1.63e+00
  [eval] val_mse=6.258e+00  (n=1500)
Epoch 00048: Time=   6.5s, Loss=8.38e+00, Inv=8.38e+00, For=7.00e+00, Power=1.61e+00
  [eval] val_mse=6.002e+00  (n=1500)
Epoch 00049: Time=   6.5s, Loss=8.16e+00, Inv=8.16e+00, For=7.07e+00, Power=1.58e+00
  [eval] val_mse=5.763e+00  (n=1500)
Epoch 00050: Time=   6.5s, Loss=7.98e+00, Inv=7.98e+00, For=7.20e+00, Power=1.56e+00
  [eval] val_mse=5.538e+00  (n=1500)
Epoch 00051: Time=   6.6s, Loss=7.80e+00, Inv=7.80e+00, For=7.31e+00, Power=1.53e+00
  [eval] val_mse=5.317e+00  (n=1500)
Epoch 00052: Time=   6.6s, Loss=7.63e+00, Inv=7.63e+00, For=7.44e+00, Power=1.51e+00
  [eval] val_mse=5.116e+00  (n=1500)
Epoch 00053: Time=   6.6s, Loss=7.48e+00, Inv=7.48e+00, For=7.52e+00, Power=1.49e+00
  [eval] val_mse=4.924e+00  (n=1500)
Epoch 00054: Time=   6.6s, Loss=7.34e+00, Inv=7.34e+00, For=7.68e+00, Power=1.48e+00
  [eval] val_mse=4.740e+00  (n=1500)
Epoch 00055: Time=   6.6s, Loss=7.19e+00, Inv=7.19e+00, For=7.82e+00, Power=1.47e+00
  [eval] val_mse=4.572e+00  (n=1500)
Epoch 00056: Time=   6.7s, Loss=7.06e+00, Inv=7.06e+00, For=7.94e+00, Power=1.45e+00
  [eval] val_mse=4.412e+00  (n=1500)
Epoch 00057: Time=   6.7s, Loss=6.94e+00, Inv=6.94e+00, For=8.08e+00, Power=1.44e+00
  [eval] val_mse=4.260e+00  (n=1500)
Epoch 00058: Time=   6.7s, Loss=6.83e+00, Inv=6.83e+00, For=8.24e+00, Power=1.42e+00
  [eval] val_mse=4.115e+00  (n=1500)
Epoch 00059: Time=   6.7s, Loss=6.71e+00, Inv=6.71e+00, For=8.39e+00, Power=1.42e+00
  [eval] val_mse=3.979e+00  (n=1500)
Epoch 00060: Time=   6.7s, Loss=6.61e+00, Inv=6.61e+00, For=8.52e+00, Power=1.40e+00
  [eval] val_mse=3.856e+00  (n=1500)
Epoch 00061: Time=   6.8s, Loss=6.49e+00, Inv=6.49e+00, For=8.63e+00, Power=1.38e+00
  [eval] val_mse=3.732e+00  (n=1500)
Epoch 00062: Time=   6.8s, Loss=6.40e+00, Inv=6.40e+00, For=8.82e+00, Power=1.38e+00
  [eval] val_mse=3.613e+00  (n=1500)
Epoch 00063: Time=   6.8s, Loss=6.31e+00, Inv=6.31e+00, For=8.97e+00, Power=1.36e+00
  [eval] val_mse=3.502e+00  (n=1500)
Epoch 00064: Time=   6.8s, Loss=6.24e+00, Inv=6.24e+00, For=9.16e+00, Power=1.37e+00
  [eval] val_mse=3.395e+00  (n=1500)
Epoch 00065: Time=   6.8s, Loss=6.16e+00, Inv=6.16e+00, For=9.32e+00, Power=1.35e+00
  [eval] val_mse=3.297e+00  (n=1500)
Epoch 00066: Time=   6.9s, Loss=6.07e+00, Inv=6.07e+00, For=9.45e+00, Power=1.34e+00
  [eval] val_mse=3.204e+00  (n=1500)
Epoch 00067: Time=   6.9s, Loss=5.99e+00, Inv=5.99e+00, For=9.58e+00, Power=1.33e+00
  [eval] val_mse=3.111e+00  (n=1500)
Epoch 00068: Time=   6.9s, Loss=5.93e+00, Inv=5.93e+00, For=9.80e+00, Power=1.33e+00
  [eval] val_mse=3.027e+00  (n=1500)
Epoch 00069: Time=   6.9s, Loss=5.85e+00, Inv=5.85e+00, For=9.95e+00, Power=1.32e+00
  [eval] val_mse=2.946e+00  (n=1500)
Epoch 00070: Time=   7.0s, Loss=5.80e+00, Inv=5.80e+00, For=1.01e+01, Power=1.32e+00
  [eval] val_mse=2.868e+00  (n=1500)
Epoch 00071: Time=   7.0s, Loss=5.72e+00, Inv=5.72e+00, For=1.03e+01, Power=1.30e+00
  [eval] val_mse=2.791e+00  (n=1500)
Epoch 00072: Time=   7.0s, Loss=5.67e+00, Inv=5.67e+00, For=1.05e+01, Power=1.29e+00
  [eval] val_mse=2.722e+00  (n=1500)
Epoch 00073: Time=   7.0s, Loss=5.61e+00, Inv=5.61e+00, For=1.07e+01, Power=1.30e+00
  [eval] val_mse=2.655e+00  (n=1500)
Epoch 00074: Time=   7.0s, Loss=5.57e+00, Inv=5.57e+00, For=1.09e+01, Power=1.29e+00
  [eval] val_mse=2.592e+00  (n=1500)
Epoch 00075: Time=   7.1s, Loss=5.50e+00, Inv=5.50e+00, For=1.10e+01, Power=1.28e+00
  [eval] val_mse=2.529e+00  (n=1500)
Epoch 00076: Time=   7.1s, Loss=5.45e+00, Inv=5.45e+00, For=1.12e+01, Power=1.27e+00
  [eval] val_mse=2.471e+00  (n=1500)
Epoch 00077: Time=   7.1s, Loss=5.40e+00, Inv=5.40e+00, For=1.14e+01, Power=1.27e+00
  [eval] val_mse=2.412e+00  (n=1500)
Epoch 00078: Time=   7.1s, Loss=5.35e+00, Inv=5.35e+00, For=1.15e+01, Power=1.27e+00
  [eval] val_mse=2.359e+00  (n=1500)
Epoch 00079: Time=   7.2s, Loss=5.31e+00, Inv=5.31e+00, For=1.17e+01, Power=1.26e+00
  [eval] val_mse=2.306e+00  (n=1500)
Epoch 00080: Time=   7.2s, Loss=5.27e+00, Inv=5.27e+00, For=1.20e+01, Power=1.26e+00
  [eval] val_mse=2.255e+00  (n=1500)
Epoch 00081: Time=   7.2s, Loss=5.22e+00, Inv=5.22e+00, For=1.22e+01, Power=1.26e+00
  [eval] val_mse=2.208e+00  (n=1500)
Epoch 00082: Time=   7.2s, Loss=5.18e+00, Inv=5.18e+00, For=1.23e+01, Power=1.25e+00
  [eval] val_mse=2.165e+00  (n=1500)
Epoch 00083: Time=   7.2s, Loss=5.15e+00, Inv=5.15e+00, For=1.26e+01, Power=1.25e+00
  [eval] val_mse=2.119e+00  (n=1500)
Epoch 00084: Time=   7.3s, Loss=5.11e+00, Inv=5.11e+00, For=1.27e+01, Power=1.24e+00
  [eval] val_mse=2.075e+00  (n=1500)
Epoch 00085: Time=   7.3s, Loss=5.08e+00, Inv=5.08e+00, For=1.29e+01, Power=1.24e+00
  [eval] val_mse=2.034e+00  (n=1500)
Epoch 00086: Time=   7.3s, Loss=5.04e+00, Inv=5.04e+00, For=1.32e+01, Power=1.24e+00
  [eval] val_mse=1.993e+00  (n=1500)
Epoch 00087: Time=   7.3s, Loss=5.00e+00, Inv=5.00e+00, For=1.33e+01, Power=1.23e+00
  [eval] val_mse=1.957e+00  (n=1500)
Epoch 00088: Time=   7.4s, Loss=4.98e+00, Inv=4.98e+00, For=1.35e+01, Power=1.24e+00
  [eval] val_mse=1.919e+00  (n=1500)
Epoch 00089: Time=   7.4s, Loss=4.95e+00, Inv=4.95e+00, For=1.38e+01, Power=1.23e+00
  [eval] val_mse=1.883e+00  (n=1500)
Epoch 00090: Time=   7.4s, Loss=4.91e+00, Inv=4.91e+00, For=1.40e+01, Power=1.22e+00
  [eval] val_mse=1.851e+00  (n=1500)
Epoch 00091: Time=   7.4s, Loss=4.88e+00, Inv=4.88e+00, For=1.42e+01, Power=1.22e+00
  [eval] val_mse=1.820e+00  (n=1500)
Epoch 00092: Time=   7.4s, Loss=4.86e+00, Inv=4.86e+00, For=1.43e+01, Power=1.23e+00
  [eval] val_mse=1.788e+00  (n=1500)
Epoch 00093: Time=   7.5s, Loss=4.82e+00, Inv=4.82e+00, For=1.46e+01, Power=1.22e+00
  [eval] val_mse=1.758e+00  (n=1500)
Epoch 00094: Time=   7.5s, Loss=4.80e+00, Inv=4.80e+00, For=1.48e+01, Power=1.22e+00
  [eval] val_mse=1.727e+00  (n=1500)
Epoch 00095: Time=   7.5s, Loss=4.78e+00, Inv=4.78e+00, For=1.50e+01, Power=1.22e+00
  [eval] val_mse=1.698e+00  (n=1500)
Epoch 00096: Time=   7.5s, Loss=4.75e+00, Inv=4.75e+00, For=1.52e+01, Power=1.21e+00
  [eval] val_mse=1.673e+00  (n=1500)
Epoch 00097: Time=   7.5s, Loss=4.72e+00, Inv=4.72e+00, For=1.55e+01, Power=1.21e+00
  [eval] val_mse=1.648e+00  (n=1500)
Epoch 00098: Time=   7.6s, Loss=4.71e+00, Inv=4.71e+00, For=1.57e+01, Power=1.21e+00
  [eval] val_mse=1.621e+00  (n=1500)
Epoch 00099: Time=   7.6s, Loss=4.68e+00, Inv=4.68e+00, For=1.59e+01, Power=1.21e+00
  [eval] val_mse=1.597e+00  (n=1500)
Epoch 00100: Time=   7.6s, Loss=4.66e+00, Inv=4.66e+00, For=1.61e+01, Power=1.20e+00
  [eval] val_mse=1.572e+00  (n=1500)
Epoch 00101: Time=   7.6s, Loss=4.63e+00, Inv=4.63e+00, For=1.63e+01, Power=1.20e+00
  [eval] val_mse=1.550e+00  (n=1500)
Epoch 00102: Time=   7.7s, Loss=4.61e+00, Inv=4.61e+00, For=1.65e+01, Power=1.20e+00
  [eval] val_mse=1.526e+00  (n=1500)
Epoch 00103: Time=   7.7s, Loss=4.60e+00, Inv=4.60e+00, For=1.68e+01, Power=1.21e+00
  [eval] val_mse=1.506e+00  (n=1500)
Epoch 00104: Time=   7.7s, Loss=4.58e+00, Inv=4.58e+00, For=1.70e+01, Power=1.20e+00
  [eval] val_mse=1.484e+00  (n=1500)
Epoch 00105: Time=   7.7s, Loss=4.55e+00, Inv=4.55e+00, For=1.72e+01, Power=1.20e+00
  [eval] val_mse=1.465e+00  (n=1500)
Epoch 00106: Time=   7.7s, Loss=4.54e+00, Inv=4.54e+00, For=1.74e+01, Power=1.20e+00
  [eval] val_mse=1.445e+00  (n=1500)
Epoch 00107: Time=   7.8s, Loss=4.52e+00, Inv=4.52e+00, For=1.77e+01, Power=1.20e+00
  [eval] val_mse=1.426e+00  (n=1500)
Epoch 00108: Time=   7.8s, Loss=4.49e+00, Inv=4.49e+00, For=1.78e+01, Power=1.19e+00
  [eval] val_mse=1.406e+00  (n=1500)
Epoch 00109: Time=   7.8s, Loss=4.48e+00, Inv=4.48e+00, For=1.81e+01, Power=1.19e+00
  [eval] val_mse=1.389e+00  (n=1500)
Epoch 00110: Time=   7.8s, Loss=4.47e+00, Inv=4.47e+00, For=1.84e+01, Power=1.20e+00
  [eval] val_mse=1.372e+00  (n=1500)
Epoch 00111: Time=   7.8s, Loss=4.45e+00, Inv=4.45e+00, For=1.86e+01, Power=1.19e+00
  [eval] val_mse=1.353e+00  (n=1500)
Epoch 00112: Time=   7.9s, Loss=4.43e+00, Inv=4.43e+00, For=1.88e+01, Power=1.19e+00
  [eval] val_mse=1.340e+00  (n=1500)
Epoch 00113: Time=   7.9s, Loss=4.42e+00, Inv=4.42e+00, For=1.91e+01, Power=1.19e+00
  [eval] val_mse=1.322e+00  (n=1500)
Epoch 00114: Time=   7.9s, Loss=4.40e+00, Inv=4.40e+00, For=1.93e+01, Power=1.19e+00
  [eval] val_mse=1.307e+00  (n=1500)
Epoch 00115: Time=   7.9s, Loss=4.39e+00, Inv=4.39e+00, For=1.95e+01, Power=1.19e+00
  [eval] val_mse=1.292e+00  (n=1500)
Epoch 00116: Time=   8.0s, Loss=4.37e+00, Inv=4.37e+00, For=1.98e+01, Power=1.19e+00
  [eval] val_mse=1.277e+00  (n=1500)
Epoch 00117: Time=   8.0s, Loss=4.36e+00, Inv=4.36e+00, For=2.00e+01, Power=1.19e+00
  [eval] val_mse=1.262e+00  (n=1500)
Epoch 00118: Time=   8.0s, Loss=4.34e+00, Inv=4.34e+00, For=2.02e+01, Power=1.18e+00
  [eval] val_mse=1.248e+00  (n=1500)
Epoch 00119: Time=   8.0s, Loss=4.33e+00, Inv=4.33e+00, For=2.05e+01, Power=1.19e+00
  [eval] val_mse=1.236e+00  (n=1500)
Epoch 00120: Time=   8.0s, Loss=4.31e+00, Inv=4.31e+00, For=2.07e+01, Power=1.18e+00
  [eval] val_mse=1.222e+00  (n=1500)
Epoch 00121: Time=   8.1s, Loss=4.31e+00, Inv=4.31e+00, For=2.10e+01, Power=1.19e+00
  [eval] val_mse=1.210e+00  (n=1500)
Epoch 00122: Time=   8.1s, Loss=4.30e+00, Inv=4.30e+00, For=2.12e+01, Power=1.19e+00
  [eval] val_mse=1.197e+00  (n=1500)
Epoch 00123: Time=   8.1s, Loss=4.28e+00, Inv=4.28e+00, For=2.15e+01, Power=1.18e+00
  [eval] val_mse=1.184e+00  (n=1500)
Epoch 00124: Time=   8.1s, Loss=4.27e+00, Inv=4.27e+00, For=2.17e+01, Power=1.17e+00
  [eval] val_mse=1.174e+00  (n=1500)
Epoch 00125: Time=   8.1s, Loss=4.25e+00, Inv=4.25e+00, For=2.20e+01, Power=1.18e+00
  [eval] val_mse=1.162e+00  (n=1500)
Epoch 00126: Time=   8.2s, Loss=4.24e+00, Inv=4.24e+00, For=2.23e+01, Power=1.18e+00
  [eval] val_mse=1.150e+00  (n=1500)
Epoch 00127: Time=   8.2s, Loss=4.23e+00, Inv=4.23e+00, For=2.24e+01, Power=1.18e+00
  [eval] val_mse=1.140e+00  (n=1500)
Epoch 00128: Time=   8.2s, Loss=4.22e+00, Inv=4.22e+00, For=2.28e+01, Power=1.18e+00
  [eval] val_mse=1.129e+00  (n=1500)
Epoch 00129: Time=   8.2s, Loss=4.22e+00, Inv=4.22e+00, For=2.30e+01, Power=1.18e+00
  [eval] val_mse=1.119e+00  (n=1500)
Epoch 00130: Time=   8.2s, Loss=4.20e+00, Inv=4.20e+00, For=2.32e+01, Power=1.18e+00
  [eval] val_mse=1.109e+00  (n=1500)
Epoch 00131: Time=   8.3s, Loss=4.19e+00, Inv=4.19e+00, For=2.35e+01, Power=1.18e+00
  [eval] val_mse=1.100e+00  (n=1500)
Epoch 00132: Time=   8.3s, Loss=4.18e+00, Inv=4.18e+00, For=2.38e+01, Power=1.18e+00
  [eval] val_mse=1.089e+00  (n=1500)
Epoch 00133: Time=   8.3s, Loss=4.17e+00, Inv=4.17e+00, For=2.39e+01, Power=1.18e+00
  [eval] val_mse=1.082e+00  (n=1500)
Epoch 00134: Time=   8.3s, Loss=4.16e+00, Inv=4.16e+00, For=2.43e+01, Power=1.17e+00
  [eval] val_mse=1.072e+00  (n=1500)
Epoch 00135: Time=   8.3s, Loss=4.15e+00, Inv=4.15e+00, For=2.44e+01, Power=1.18e+00
  [eval] val_mse=1.062e+00  (n=1500)
Epoch 00136: Time=   8.4s, Loss=4.14e+00, Inv=4.14e+00, For=2.47e+01, Power=1.17e+00
  [eval] val_mse=1.053e+00  (n=1500)
Epoch 00137: Time=   8.4s, Loss=4.13e+00, Inv=4.13e+00, For=2.50e+01, Power=1.17e+00
  [eval] val_mse=1.045e+00  (n=1500)
Epoch 00138: Time=   8.4s, Loss=4.12e+00, Inv=4.12e+00, For=2.52e+01, Power=1.18e+00
  [eval] val_mse=1.037e+00  (n=1500)
Epoch 00139: Time=   8.4s, Loss=4.12e+00, Inv=4.12e+00, For=2.55e+01, Power=1.17e+00
  [eval] val_mse=1.029e+00  (n=1500)
Epoch 00140: Time=   8.5s, Loss=4.10e+00, Inv=4.10e+00, For=2.57e+01, Power=1.17e+00
  [eval] val_mse=1.022e+00  (n=1500)
Epoch 00141: Time=   8.5s, Loss=4.10e+00, Inv=4.10e+00, For=2.60e+01, Power=1.17e+00
  [eval] val_mse=1.014e+00  (n=1500)
Epoch 00142: Time=   8.5s, Loss=4.09e+00, Inv=4.09e+00, For=2.63e+01, Power=1.18e+00
  [eval] val_mse=1.007e+00  (n=1500)
Epoch 00143: Time=   8.5s, Loss=4.08e+00, Inv=4.08e+00, For=2.66e+01, Power=1.17e+00
  [eval] val_mse=9.990e-01  (n=1500)
Epoch 00144: Time=   8.5s, Loss=4.07e+00, Inv=4.07e+00, For=2.68e+01, Power=1.17e+00
  [eval] val_mse=9.925e-01  (n=1500)
Epoch 00145: Time=   8.6s, Loss=4.07e+00, Inv=4.07e+00, For=2.72e+01, Power=1.17e+00
  [eval] val_mse=9.855e-01  (n=1500)
Epoch 00146: Time=   8.6s, Loss=4.06e+00, Inv=4.06e+00, For=2.74e+01, Power=1.17e+00
  [eval] val_mse=9.795e-01  (n=1500)
Epoch 00147: Time=   8.6s, Loss=4.05e+00, Inv=4.05e+00, For=2.76e+01, Power=1.17e+00
  [eval] val_mse=9.734e-01  (n=1500)
Epoch 00148: Time=   8.6s, Loss=4.05e+00, Inv=4.05e+00, For=2.79e+01, Power=1.17e+00
  [eval] val_mse=9.664e-01  (n=1500)
Epoch 00149: Time=   8.6s, Loss=4.04e+00, Inv=4.04e+00, For=2.81e+01, Power=1.17e+00
  [eval] val_mse=9.603e-01  (n=1500)
Epoch 00150: Time=   8.7s, Loss=4.03e+00, Inv=4.03e+00, For=2.83e+01, Power=1.17e+00
  [eval] val_mse=9.534e-01  (n=1500)
Epoch 00151: Time=   8.7s, Loss=4.02e+00, Inv=4.02e+00, For=2.88e+01, Power=1.17e+00
  [eval] val_mse=9.479e-01  (n=1500)
Epoch 00152: Time=   8.7s, Loss=4.01e+00, Inv=4.01e+00, For=2.90e+01, Power=1.17e+00
  [eval] val_mse=9.419e-01  (n=1500)
Epoch 00153: Time=   8.7s, Loss=4.01e+00, Inv=4.01e+00, For=2.93e+01, Power=1.17e+00
  [eval] val_mse=9.361e-01  (n=1500)
Epoch 00154: Time=   8.7s, Loss=4.01e+00, Inv=4.01e+00, For=2.95e+01, Power=1.17e+00
  [eval] val_mse=9.314e-01  (n=1500)
Epoch 00155: Time=   8.8s, Loss=4.01e+00, Inv=4.01e+00, For=2.98e+01, Power=1.17e+00
  [eval] val_mse=9.264e-01  (n=1500)
Epoch 00156: Time=   8.8s, Loss=4.00e+00, Inv=4.00e+00, For=3.01e+01, Power=1.17e+00
  [eval] val_mse=9.213e-01  (n=1500)
Epoch 00157: Time=   8.8s, Loss=3.99e+00, Inv=3.99e+00, For=3.04e+01, Power=1.16e+00
  [eval] val_mse=9.169e-01  (n=1500)
Epoch 00158: Time=   8.8s, Loss=3.99e+00, Inv=3.99e+00, For=3.05e+01, Power=1.17e+00
  [eval] val_mse=9.095e-01  (n=1500)
Epoch 00159: Time=   8.8s, Loss=3.98e+00, Inv=3.98e+00, For=3.08e+01, Power=1.17e+00
  [eval] val_mse=9.051e-01  (n=1500)
Epoch 00160: Time=   8.9s, Loss=3.97e+00, Inv=3.97e+00, For=3.11e+01, Power=1.17e+00
  [eval] val_mse=8.986e-01  (n=1500)
Epoch 00161: Time=   8.9s, Loss=3.97e+00, Inv=3.97e+00, For=3.14e+01, Power=1.17e+00
  [eval] val_mse=8.942e-01  (n=1500)
Epoch 00162: Time=   8.9s, Loss=3.96e+00, Inv=3.96e+00, For=3.18e+01, Power=1.17e+00
  [eval] val_mse=8.899e-01  (n=1500)
Epoch 00163: Time=   8.9s, Loss=3.96e+00, Inv=3.96e+00, For=3.20e+01, Power=1.16e+00
  [eval] val_mse=8.865e-01  (n=1500)
Epoch 00164: Time=   8.9s, Loss=3.95e+00, Inv=3.95e+00, For=3.25e+01, Power=1.17e+00
  [eval] val_mse=8.811e-01  (n=1500)
Epoch 00165: Time=   9.0s, Loss=3.95e+00, Inv=3.95e+00, For=3.25e+01, Power=1.17e+00
  [eval] val_mse=8.768e-01  (n=1500)
Epoch 00166: Time=   9.0s, Loss=3.94e+00, Inv=3.94e+00, For=3.27e+01, Power=1.17e+00
  [eval] val_mse=8.736e-01  (n=1500)
Epoch 00167: Time=   9.0s, Loss=3.94e+00, Inv=3.94e+00, For=3.33e+01, Power=1.17e+00
  [eval] val_mse=8.685e-01  (n=1500)
Epoch 00168: Time=   9.0s, Loss=3.93e+00, Inv=3.93e+00, For=3.34e+01, Power=1.17e+00
  [eval] val_mse=8.650e-01  (n=1500)
Epoch 00169: Time=   9.1s, Loss=3.92e+00, Inv=3.92e+00, For=3.36e+01, Power=1.17e+00
  [eval] val_mse=8.602e-01  (n=1500)
Epoch 00170: Time=   9.1s, Loss=3.92e+00, Inv=3.92e+00, For=3.38e+01, Power=1.17e+00
  [eval] val_mse=8.575e-01  (n=1500)
Epoch 00171: Time=   9.1s, Loss=3.92e+00, Inv=3.92e+00, For=3.44e+01, Power=1.17e+00
  [eval] val_mse=8.526e-01  (n=1500)
Epoch 00172: Time=   9.1s, Loss=3.91e+00, Inv=3.91e+00, For=3.46e+01, Power=1.16e+00
  [eval] val_mse=8.498e-01  (n=1500)
Epoch 00173: Time=   9.1s, Loss=3.91e+00, Inv=3.91e+00, For=3.49e+01, Power=1.16e+00
  [eval] val_mse=8.454e-01  (n=1500)
Epoch 00174: Time=   9.2s, Loss=3.90e+00, Inv=3.90e+00, For=3.49e+01, Power=1.17e+00
  [eval] val_mse=8.418e-01  (n=1500)
Epoch 00175: Time=   9.2s, Loss=3.89e+00, Inv=3.89e+00, For=3.54e+01, Power=1.16e+00
  [eval] val_mse=8.383e-01  (n=1500)
Epoch 00176: Time=   9.2s, Loss=3.90e+00, Inv=3.90e+00, For=3.60e+01, Power=1.17e+00
  [eval] val_mse=8.361e-01  (n=1500)
Epoch 00177: Time=   9.2s, Loss=3.88e+00, Inv=3.88e+00, For=3.58e+01, Power=1.16e+00
  [eval] val_mse=8.318e-01  (n=1500)
Epoch 00178: Time=   9.2s, Loss=3.88e+00, Inv=3.88e+00, For=3.61e+01, Power=1.16e+00
  [eval] val_mse=8.281e-01  (n=1500)
Epoch 00179: Time=   9.3s, Loss=3.88e+00, Inv=3.88e+00, For=3.62e+01, Power=1.17e+00
  [eval] val_mse=8.257e-01  (n=1500)
Epoch 00180: Time=   9.3s, Loss=3.88e+00, Inv=3.88e+00, For=3.70e+01, Power=1.17e+00
  [eval] val_mse=8.227e-01  (n=1500)
Epoch 00181: Time=   9.3s, Loss=3.87e+00, Inv=3.87e+00, For=3.71e+01, Power=1.16e+00
  [eval] val_mse=8.188e-01  (n=1500)
Epoch 00182: Time=   9.3s, Loss=3.88e+00, Inv=3.88e+00, For=3.77e+01, Power=1.17e+00
  [eval] val_mse=8.144e-01  (n=1500)
Epoch 00183: Time=   9.3s, Loss=3.86e+00, Inv=3.86e+00, For=3.76e+01, Power=1.16e+00
  [eval] val_mse=8.132e-01  (n=1500)
Epoch 00184: Time=   9.4s, Loss=3.86e+00, Inv=3.86e+00, For=3.80e+01, Power=1.17e+00
  [eval] val_mse=8.088e-01  (n=1500)
Epoch 00185: Time=   9.4s, Loss=3.86e+00, Inv=3.86e+00, For=3.84e+01, Power=1.17e+00
  [eval] val_mse=8.067e-01  (n=1500)
Epoch 00186: Time=   9.4s, Loss=3.86e+00, Inv=3.86e+00, For=3.86e+01, Power=1.17e+00
  [eval] val_mse=8.036e-01  (n=1500)
Epoch 00187: Time=   9.4s, Loss=3.85e+00, Inv=3.85e+00, For=3.89e+01, Power=1.16e+00
  [eval] val_mse=8.035e-01  (n=1500)
Epoch 00188: Time=   9.4s, Loss=3.85e+00, Inv=3.85e+00, For=3.90e+01, Power=1.17e+00
  [eval] val_mse=7.978e-01  (n=1500)
Epoch 00189: Time=   9.5s, Loss=3.84e+00, Inv=3.84e+00, For=3.95e+01, Power=1.17e+00
  [eval] val_mse=7.964e-01  (n=1500)
Epoch 00190: Time=   9.5s, Loss=3.84e+00, Inv=3.84e+00, For=3.98e+01, Power=1.16e+00
  [eval] val_mse=7.930e-01  (n=1500)
Epoch 00191: Time=   9.5s, Loss=3.84e+00, Inv=3.84e+00, For=3.99e+01, Power=1.17e+00
  [eval] val_mse=7.907e-01  (n=1500)
Epoch 00192: Time=   9.5s, Loss=3.84e+00, Inv=3.84e+00, For=4.03e+01, Power=1.17e+00
  [eval] val_mse=7.877e-01  (n=1500)
Epoch 00193: Time=   9.5s, Loss=3.83e+00, Inv=3.83e+00, For=4.07e+01, Power=1.17e+00
  [eval] val_mse=7.857e-01  (n=1500)
Epoch 00194: Time=   9.6s, Loss=3.83e+00, Inv=3.83e+00, For=4.12e+01, Power=1.17e+00
  [eval] val_mse=7.837e-01  (n=1500)
Epoch 00195: Time=   9.6s, Loss=3.83e+00, Inv=3.83e+00, For=4.12e+01, Power=1.17e+00
  [eval] val_mse=7.802e-01  (n=1500)
Epoch 00196: Time=   9.6s, Loss=3.82e+00, Inv=3.82e+00, For=4.13e+01, Power=1.16e+00
  [eval] val_mse=7.779e-01  (n=1500)
Epoch 00197: Time=   9.6s, Loss=3.82e+00, Inv=3.82e+00, For=4.17e+01, Power=1.17e+00
  [eval] val_mse=7.759e-01  (n=1500)
Epoch 00198: Time=   9.6s, Loss=3.82e+00, Inv=3.82e+00, For=4.21e+01, Power=1.17e+00
  [eval] val_mse=7.743e-01  (n=1500)
Epoch 00199: Time=   9.7s, Loss=3.82e+00, Inv=3.82e+00, For=4.23e+01, Power=1.17e+00
  [eval] val_mse=7.718e-01  (n=1500)
Epoch 00200: Time=   9.7s, Loss=3.81e+00, Inv=3.81e+00, For=4.26e+01, Power=1.16e+00
  [eval] val_mse=7.697e-01  (n=1500)
Saved DeLaN checkpoint: /workspace/shared/models/delan/UR3_Load0_cc__sweep1__K32__seed0__delan_jax_struct_s0_ep200_actsoftplus_b1024_lr1e-4_wd1e-5_w256_d2/UR3_Load0_cc__sweep1__K32__seed0__delan_jax_struct_s0_ep200_actsoftplus_b1024_lr1e-4_wd1e-5_w256_d2.jax
Saved training history: /workspace/shared/models/delan/UR3_Load0_cc__sweep1__K32__seed0__delan_jax_struct_s0_ep200_actsoftplus_b1024_lr1e-4_wd1e-5_w256_d2/UR3_Load0_cc__sweep1__K32__seed0__delan_jax_struct_s0_ep200_actsoftplus_b1024_lr1e-4_wd1e-5_w256_d2__train_history.csv

################################################
Evaluating DeLaN | run=UR3_Load0_cc__sweep1__K32__seed0__delan_jax_struct_s0_ep200_actsoftplus_b1024_lr1e-4_wd1e-5_w256_d2
  [val] Torque RMSE = 3.582e-01
Torque MSE  = 1.214e-01
Torque RMSE = 3.485e-01
Per-joint MSE : 1.398e-01 2.011e-01 6.764e-02 7.601e-02 1.600e-01 8.418e-02
Per-joint RMSE: 3.739e-01 4.485e-01 2.601e-01 2.757e-01 4.000e-01 2.901e-01
Comp Time per Sample = 2.761e-04s / 3621.5Hz
Saved metrics TXT: /workspace/shared/models/delan/UR3_Load0_cc__sweep1__K32__seed0__delan_jax_struct_s0_ep200_actsoftplus_b1024_lr1e-4_wd1e-5_w256_d2/metrics_test.txt
Saved metrics JSON: /workspace/shared/models/delan/UR3_Load0_cc__sweep1__K32__seed0__delan_jax_struct_s0_ep200_actsoftplus_b1024_lr1e-4_wd1e-5_w256_d2/metrics.json

#######################################################################################################################################################################################################################################################
### DELAN VARIANT: delan_seed=1                                                                                                                                                                                                                     ###
### ckpt=/workspace/shared/models/delan/UR3_Load0_cc__sweep1__K32__seed0__delan_jax_struct_s1_ep200_actsoftplus_b1024_lr1e-4_wd1e-5_w256_d2/UR3_Load0_cc__sweep1__K32__seed0__delan_jax_struct_s1_ep200_actsoftplus_b1024_lr1e-4_wd1e-5_w256_d2.jax ###
#######################################################################################################################################################################################################################################################

######################
### 2) DELAN TRAIN ###
######################

==========================================================================================================================================================================================================================================================================================================================================================================================================================================================================================================================================================================================================================================================================================================================================================================================================================================================================================================================================================================================================================
=== docker compose -p payload_estimation --project-directory /home/robat/.localgit/algorithmic_payload_estimation/payload_estimation --env-file /home/robat/.localgit/algorithmic_payload_estimation/payload_estimation/.env -f /home/robat/.localgit/algorithmic_payload_estimation/payload_estimation/docker-compose.yml exec -T delan_jax bash -lc 'python3 /workspace/delan_jax/scripts/rbyt_train_delan_jax.py --npz /workspace/shared/data/preprocessed/delan_UR3_Load0_cc_K32_tf0p2_vf0p1_seed0_dataset/delan_UR3_Load0_cc_K32_tf0p2_vf0p1_seed0_dataset.npz -t structured -s 1 -r 0 --hp_preset lutter_like_256 --epochs 200 --eval_every 1 --log_every 1 --early_stop --early_stop_patience 10 --early_stop_min_delta 0.0 --early_stop_warmup_evals 0 --save_path /workspace/shared/models/delan/UR3_Load0_cc__sweep1__K32__seed0__delan_jax_struct_s1_ep200_actsoftplus_b1024_lr1e-4_wd1e-5_w256_d2/UR3_Load0_cc__sweep1__K32__seed0__delan_jax_struct_s1_ep200_actsoftplus_b1024_lr1e-4_wd1e-5_w256_d2.jax' ===
==========================================================================================================================================================================================================================================================================================================================================================================================================================================================================================================================================================================================================================================================================================================================================================================================================================================================================================================================================================================================================================
Final hyper: {'dataset': 'UR3_Load0_cc__sweep1__K32__seed0__delan_jax_struct_s1_ep200_actsoftplus_b1024_lr1e-4_wd1e-5_w256_d2', 'n_width': 256, 'n_depth': 2, 'n_minibatch': 1024, 'diagonal_epsilon': 0.1, 'diagonal_shift': 2.0, 'activation': 'softplus', 'learning_rate': 0.0001, 'weight_decay': 1e-05, 'max_epoch': 200, 'lagrangian_type': <function structured_lagrangian_fn at 0x7ea6ae510dc0>}


################################################
DeLaN run: UR3_Load0_cc__sweep1__K32__seed0__delan_jax_struct_s1_ep200_actsoftplus_b1024_lr1e-4_wd1e-5_w256_d2
  model_dir = /workspace/shared/models/delan/UR3_Load0_cc__sweep1__K32__seed0__delan_jax_struct_s1_ep200_actsoftplus_b1024_lr1e-4_wd1e-5_w256_d2
  ckpt_path = /workspace/shared/models/delan/UR3_Load0_cc__sweep1__K32__seed0__delan_jax_struct_s1_ep200_actsoftplus_b1024_lr1e-4_wd1e-5_w256_d2/UR3_Load0_cc__sweep1__K32__seed0__delan_jax_struct_s1_ep200_actsoftplus_b1024_lr1e-4_wd1e-5_w256_d2.jax
  type = structured
  hp_preset = lutter_like_256
################################################


################################################
Dataset: delan_UR3_Load0_cc_K32_tf0p2_vf0p1_seed0_dataset.npz
  npz = /workspace/shared/data/preprocessed/delan_UR3_Load0_cc_K32_tf0p2_vf0p1_seed0_dataset/delan_UR3_Load0_cc_K32_tf0p2_vf0p1_seed0_dataset.npz
   dt ≈ 0.018681430545724284
  dof = 6
  Train trajectories = 23
  Val trajectories   = 3
  Test trajectories  = 6
  Train samples = 22199
  Test samples  = 6000
################################################

2026-01-26 01:16:32.859722: W external/xla/xla/service/gpu/autotuning/dot_search_space.cc:200] All configs were filtered out because none of them sufficiently match the hints. Maybe the hints set does not contain a good representative set of valid configs?Working around this by using the full hints set instead.
2026-01-26 01:16:34.791675: W external/xla/xla/service/gpu/autotuning/dot_search_space.cc:200] All configs were filtered out because none of them sufficiently match the hints. Maybe the hints set does not contain a good representative set of valid configs?Working around this by using the full hints set instead.
################################################
Training DeLaN | run=UR3_Load0_cc__sweep1__K32__seed0__delan_jax_struct_s1_ep200_actsoftplus_b1024_lr1e-4_wd1e-5_w256_d2 | type=structured | dof=6
################################################
Epoch 00001: Time=   4.2s, Loss=9.27e+03, Inv=9.27e+03, For=5.85e+00, Power=7.73e+02
  [eval] val_mse=5.389e+02  (n=1500)
Epoch 00002: Time=   5.6s, Loss=9.68e+02, Inv=9.68e+02, For=5.48e+00, Power=9.60e+01
  [eval] val_mse=1.839e+02  (n=1500)
Epoch 00003: Time=   5.6s, Loss=3.72e+02, Inv=3.72e+02, For=5.19e+00, Power=4.43e+01
  [eval] val_mse=1.113e+02  (n=1500)
Epoch 00004: Time=   5.6s, Loss=2.27e+02, Inv=2.27e+02, For=5.10e+00, Power=2.80e+01
  [eval] val_mse=8.311e+01  (n=1500)
Epoch 00005: Time=   5.7s, Loss=1.61e+02, Inv=1.61e+02, For=4.96e+00, Power=1.90e+01
  [eval] val_mse=6.775e+01  (n=1500)
Epoch 00006: Time=   5.7s, Loss=1.24e+02, Inv=1.24e+02, For=4.92e+00, Power=1.40e+01
  [eval] val_mse=5.683e+01  (n=1500)
Epoch 00007: Time=   5.7s, Loss=9.83e+01, Inv=9.83e+01, For=4.90e+00, Power=1.10e+01
  [eval] val_mse=4.814e+01  (n=1500)
Epoch 00008: Time=   5.7s, Loss=7.95e+01, Inv=7.95e+01, For=4.86e+00, Power=8.80e+00
  [eval] val_mse=4.107e+01  (n=1500)
Epoch 00009: Time=   5.8s, Loss=6.64e+01, Inv=6.64e+01, For=4.85e+00, Power=7.36e+00
  [eval] val_mse=3.527e+01  (n=1500)
Epoch 00010: Time=   5.8s, Loss=5.62e+01, Inv=5.62e+01, For=4.90e+00, Power=6.28e+00
  [eval] val_mse=3.045e+01  (n=1500)
Epoch 00011: Time=   5.8s, Loss=4.88e+01, Inv=4.88e+01, For=5.04e+00, Power=5.52e+00
  [eval] val_mse=2.650e+01  (n=1500)
Epoch 00012: Time=   5.8s, Loss=4.23e+01, Inv=4.23e+01, For=5.11e+00, Power=4.82e+00
  [eval] val_mse=2.313e+01  (n=1500)
Epoch 00013: Time=   5.8s, Loss=3.72e+01, Inv=3.72e+01, For=5.20e+00, Power=4.28e+00
  [eval] val_mse=2.036e+01  (n=1500)
Epoch 00014: Time=   5.9s, Loss=3.30e+01, Inv=3.30e+01, For=5.31e+00, Power=3.85e+00
  [eval] val_mse=1.800e+01  (n=1500)
Epoch 00015: Time=   5.9s, Loss=2.97e+01, Inv=2.97e+01, For=5.49e+00, Power=3.54e+00
  [eval] val_mse=1.609e+01  (n=1500)
Epoch 00016: Time=   5.9s, Loss=2.68e+01, Inv=2.68e+01, For=5.64e+00, Power=3.23e+00
  [eval] val_mse=1.439e+01  (n=1500)
Epoch 00017: Time=   5.9s, Loss=2.43e+01, Inv=2.43e+01, For=5.80e+00, Power=3.02e+00
  [eval] val_mse=1.297e+01  (n=1500)
Epoch 00018: Time=   6.0s, Loss=2.24e+01, Inv=2.24e+01, For=5.99e+00, Power=2.82e+00
  [eval] val_mse=1.172e+01  (n=1500)
Epoch 00019: Time=   6.0s, Loss=2.05e+01, Inv=2.05e+01, For=6.18e+00, Power=2.64e+00
  [eval] val_mse=1.067e+01  (n=1500)
Epoch 00020: Time=   6.0s, Loss=1.90e+01, Inv=1.90e+01, For=6.34e+00, Power=2.49e+00
  [eval] val_mse=9.743e+00  (n=1500)
Epoch 00021: Time=   6.0s, Loss=1.77e+01, Inv=1.77e+01, For=6.57e+00, Power=2.36e+00
  [eval] val_mse=8.942e+00  (n=1500)
Epoch 00022: Time=   6.0s, Loss=1.65e+01, Inv=1.65e+01, For=6.76e+00, Power=2.27e+00
  [eval] val_mse=8.228e+00  (n=1500)
Epoch 00023: Time=   6.1s, Loss=1.53e+01, Inv=1.53e+01, For=6.88e+00, Power=2.13e+00
  [eval] val_mse=7.616e+00  (n=1500)
Epoch 00024: Time=   6.1s, Loss=1.45e+01, Inv=1.45e+01, For=7.15e+00, Power=2.06e+00
  [eval] val_mse=7.055e+00  (n=1500)
Epoch 00025: Time=   6.1s, Loss=1.36e+01, Inv=1.36e+01, For=7.29e+00, Power=2.00e+00
  [eval] val_mse=6.568e+00  (n=1500)
Epoch 00026: Time=   6.1s, Loss=1.29e+01, Inv=1.29e+01, For=7.53e+00, Power=1.93e+00
  [eval] val_mse=6.141e+00  (n=1500)
Epoch 00027: Time=   6.1s, Loss=1.22e+01, Inv=1.22e+01, For=7.66e+00, Power=1.86e+00
  [eval] val_mse=5.743e+00  (n=1500)
Epoch 00028: Time=   6.2s, Loss=1.16e+01, Inv=1.16e+01, For=7.85e+00, Power=1.81e+00
  [eval] val_mse=5.395e+00  (n=1500)
Epoch 00029: Time=   6.2s, Loss=1.11e+01, Inv=1.11e+01, For=8.04e+00, Power=1.76e+00
  [eval] val_mse=5.075e+00  (n=1500)
Epoch 00030: Time=   6.2s, Loss=1.06e+01, Inv=1.06e+01, For=8.26e+00, Power=1.72e+00
  [eval] val_mse=4.784e+00  (n=1500)
Epoch 00031: Time=   6.2s, Loss=1.02e+01, Inv=1.02e+01, For=8.47e+00, Power=1.69e+00
  [eval] val_mse=4.534e+00  (n=1500)
Epoch 00032: Time=   6.2s, Loss=9.80e+00, Inv=9.80e+00, For=8.64e+00, Power=1.66e+00
  [eval] val_mse=4.292e+00  (n=1500)
Epoch 00033: Time=   6.3s, Loss=9.43e+00, Inv=9.43e+00, For=8.85e+00, Power=1.62e+00
  [eval] val_mse=4.076e+00  (n=1500)
Epoch 00034: Time=   6.3s, Loss=9.08e+00, Inv=9.08e+00, For=8.95e+00, Power=1.59e+00
  [eval] val_mse=3.872e+00  (n=1500)
Epoch 00035: Time=   6.3s, Loss=8.77e+00, Inv=8.77e+00, For=9.15e+00, Power=1.56e+00
  [eval] val_mse=3.688e+00  (n=1500)
Epoch 00036: Time=   6.3s, Loss=8.46e+00, Inv=8.46e+00, For=9.29e+00, Power=1.53e+00
  [eval] val_mse=3.513e+00  (n=1500)
Epoch 00037: Time=   6.4s, Loss=8.20e+00, Inv=8.20e+00, For=9.41e+00, Power=1.51e+00
  [eval] val_mse=3.363e+00  (n=1500)
Epoch 00038: Time=   6.4s, Loss=7.96e+00, Inv=7.96e+00, For=9.60e+00, Power=1.49e+00
  [eval] val_mse=3.214e+00  (n=1500)
Epoch 00039: Time=   6.4s, Loss=7.76e+00, Inv=7.76e+00, For=9.80e+00, Power=1.48e+00
  [eval] val_mse=3.079e+00  (n=1500)
Epoch 00040: Time=   6.4s, Loss=7.53e+00, Inv=7.53e+00, For=1.00e+01, Power=1.45e+00
  [eval] val_mse=2.957e+00  (n=1500)
Epoch 00041: Time=   6.4s, Loss=7.35e+00, Inv=7.35e+00, For=1.01e+01, Power=1.44e+00
  [eval] val_mse=2.837e+00  (n=1500)
Epoch 00042: Time=   6.5s, Loss=7.15e+00, Inv=7.15e+00, For=1.03e+01, Power=1.42e+00
  [eval] val_mse=2.725e+00  (n=1500)
Epoch 00043: Time=   6.5s, Loss=7.00e+00, Inv=7.00e+00, For=1.04e+01, Power=1.42e+00
  [eval] val_mse=2.626e+00  (n=1500)
Epoch 00044: Time=   6.5s, Loss=6.84e+00, Inv=6.84e+00, For=1.06e+01, Power=1.39e+00
  [eval] val_mse=2.531e+00  (n=1500)
Epoch 00045: Time=   6.5s, Loss=6.71e+00, Inv=6.71e+00, For=1.07e+01, Power=1.38e+00
  [eval] val_mse=2.441e+00  (n=1500)
Epoch 00046: Time=   6.5s, Loss=6.57e+00, Inv=6.57e+00, For=1.09e+01, Power=1.38e+00
  [eval] val_mse=2.356e+00  (n=1500)
Epoch 00047: Time=   6.6s, Loss=6.45e+00, Inv=6.45e+00, For=1.11e+01, Power=1.37e+00
  [eval] val_mse=2.279e+00  (n=1500)
Epoch 00048: Time=   6.6s, Loss=6.31e+00, Inv=6.31e+00, For=1.12e+01, Power=1.35e+00
  [eval] val_mse=2.209e+00  (n=1500)
Epoch 00049: Time=   6.6s, Loss=6.19e+00, Inv=6.19e+00, For=1.13e+01, Power=1.34e+00
  [eval] val_mse=2.141e+00  (n=1500)
Epoch 00050: Time=   6.6s, Loss=6.10e+00, Inv=6.10e+00, For=1.15e+01, Power=1.34e+00
  [eval] val_mse=2.073e+00  (n=1500)
Epoch 00051: Time=   6.6s, Loss=6.01e+00, Inv=6.01e+00, For=1.16e+01, Power=1.33e+00
  [eval] val_mse=2.014e+00  (n=1500)
Epoch 00052: Time=   6.7s, Loss=5.92e+00, Inv=5.92e+00, For=1.18e+01, Power=1.32e+00
  [eval] val_mse=1.955e+00  (n=1500)
Epoch 00053: Time=   6.7s, Loss=5.81e+00, Inv=5.81e+00, For=1.18e+01, Power=1.31e+00
  [eval] val_mse=1.902e+00  (n=1500)
Epoch 00054: Time=   6.7s, Loss=5.75e+00, Inv=5.75e+00, For=1.20e+01, Power=1.30e+00
  [eval] val_mse=1.850e+00  (n=1500)
Epoch 00055: Time=   6.7s, Loss=5.66e+00, Inv=5.66e+00, For=1.22e+01, Power=1.30e+00
  [eval] val_mse=1.803e+00  (n=1500)
Epoch 00056: Time=   6.7s, Loss=5.59e+00, Inv=5.59e+00, For=1.23e+01, Power=1.29e+00
  [eval] val_mse=1.757e+00  (n=1500)
Epoch 00057: Time=   6.8s, Loss=5.51e+00, Inv=5.51e+00, For=1.25e+01, Power=1.29e+00
  [eval] val_mse=1.713e+00  (n=1500)
Epoch 00058: Time=   6.8s, Loss=5.44e+00, Inv=5.44e+00, For=1.26e+01, Power=1.29e+00
  [eval] val_mse=1.674e+00  (n=1500)
Epoch 00059: Time=   6.8s, Loss=5.37e+00, Inv=5.37e+00, For=1.27e+01, Power=1.28e+00
  [eval] val_mse=1.634e+00  (n=1500)
Epoch 00060: Time=   6.8s, Loss=5.32e+00, Inv=5.32e+00, For=1.29e+01, Power=1.28e+00
  [eval] val_mse=1.597e+00  (n=1500)
Epoch 00061: Time=   6.8s, Loss=5.27e+00, Inv=5.27e+00, For=1.30e+01, Power=1.28e+00
  [eval] val_mse=1.562e+00  (n=1500)
Epoch 00062: Time=   6.9s, Loss=5.20e+00, Inv=5.20e+00, For=1.31e+01, Power=1.26e+00
  [eval] val_mse=1.529e+00  (n=1500)
Epoch 00063: Time=   6.9s, Loss=5.15e+00, Inv=5.15e+00, For=1.32e+01, Power=1.26e+00
  [eval] val_mse=1.497e+00  (n=1500)
Epoch 00064: Time=   6.9s, Loss=5.09e+00, Inv=5.09e+00, For=1.33e+01, Power=1.26e+00
  [eval] val_mse=1.468e+00  (n=1500)
Epoch 00065: Time=   6.9s, Loss=5.05e+00, Inv=5.05e+00, For=1.35e+01, Power=1.26e+00
  [eval] val_mse=1.441e+00  (n=1500)
Epoch 00066: Time=   7.0s, Loss=4.99e+00, Inv=4.99e+00, For=1.37e+01, Power=1.25e+00
  [eval] val_mse=1.415e+00  (n=1500)
Epoch 00067: Time=   7.0s, Loss=4.94e+00, Inv=4.94e+00, For=1.37e+01, Power=1.23e+00
  [eval] val_mse=1.389e+00  (n=1500)
Epoch 00068: Time=   7.0s, Loss=4.91e+00, Inv=4.91e+00, For=1.39e+01, Power=1.24e+00
  [eval] val_mse=1.365e+00  (n=1500)
Epoch 00069: Time=   7.0s, Loss=4.86e+00, Inv=4.86e+00, For=1.40e+01, Power=1.23e+00
  [eval] val_mse=1.340e+00  (n=1500)
Epoch 00070: Time=   7.0s, Loss=4.84e+00, Inv=4.84e+00, For=1.42e+01, Power=1.24e+00
  [eval] val_mse=1.319e+00  (n=1500)
Epoch 00071: Time=   7.1s, Loss=4.80e+00, Inv=4.80e+00, For=1.43e+01, Power=1.23e+00
  [eval] val_mse=1.299e+00  (n=1500)
Epoch 00072: Time=   7.1s, Loss=4.77e+00, Inv=4.77e+00, For=1.45e+01, Power=1.24e+00
  [eval] val_mse=1.279e+00  (n=1500)
Epoch 00073: Time=   7.1s, Loss=4.73e+00, Inv=4.73e+00, For=1.46e+01, Power=1.23e+00
  [eval] val_mse=1.259e+00  (n=1500)
Epoch 00074: Time=   7.1s, Loss=4.70e+00, Inv=4.70e+00, For=1.47e+01, Power=1.22e+00
  [eval] val_mse=1.239e+00  (n=1500)
Epoch 00075: Time=   7.1s, Loss=4.66e+00, Inv=4.66e+00, For=1.49e+01, Power=1.22e+00
  [eval] val_mse=1.222e+00  (n=1500)
Epoch 00076: Time=   7.2s, Loss=4.63e+00, Inv=4.63e+00, For=1.50e+01, Power=1.22e+00
  [eval] val_mse=1.205e+00  (n=1500)
Epoch 00077: Time=   7.2s, Loss=4.61e+00, Inv=4.61e+00, For=1.52e+01, Power=1.22e+00
  [eval] val_mse=1.189e+00  (n=1500)
Epoch 00078: Time=   7.2s, Loss=4.58e+00, Inv=4.58e+00, For=1.53e+01, Power=1.22e+00
  [eval] val_mse=1.175e+00  (n=1500)
Epoch 00079: Time=   7.2s, Loss=4.56e+00, Inv=4.56e+00, For=1.55e+01, Power=1.22e+00
  [eval] val_mse=1.161e+00  (n=1500)
Epoch 00080: Time=   7.2s, Loss=4.53e+00, Inv=4.53e+00, For=1.58e+01, Power=1.21e+00
  [eval] val_mse=1.145e+00  (n=1500)
Epoch 00081: Time=   7.3s, Loss=4.51e+00, Inv=4.51e+00, For=1.58e+01, Power=1.22e+00
  [eval] val_mse=1.134e+00  (n=1500)
Epoch 00082: Time=   7.3s, Loss=4.48e+00, Inv=4.48e+00, For=1.60e+01, Power=1.21e+00
  [eval] val_mse=1.122e+00  (n=1500)
Epoch 00083: Time=   7.3s, Loss=4.45e+00, Inv=4.45e+00, For=1.62e+01, Power=1.20e+00
  [eval] val_mse=1.107e+00  (n=1500)
Epoch 00084: Time=   7.3s, Loss=4.43e+00, Inv=4.43e+00, For=1.64e+01, Power=1.21e+00
  [eval] val_mse=1.095e+00  (n=1500)
Epoch 00085: Time=   7.3s, Loss=4.41e+00, Inv=4.41e+00, For=1.66e+01, Power=1.20e+00
  [eval] val_mse=1.084e+00  (n=1500)
Epoch 00086: Time=   7.4s, Loss=4.39e+00, Inv=4.39e+00, For=1.67e+01, Power=1.20e+00
  [eval] val_mse=1.073e+00  (n=1500)
Epoch 00087: Time=   7.4s, Loss=4.38e+00, Inv=4.38e+00, For=1.69e+01, Power=1.21e+00
  [eval] val_mse=1.064e+00  (n=1500)
Epoch 00088: Time=   7.4s, Loss=4.36e+00, Inv=4.36e+00, For=1.71e+01, Power=1.20e+00
  [eval] val_mse=1.052e+00  (n=1500)
Epoch 00089: Time=   7.4s, Loss=4.34e+00, Inv=4.34e+00, For=1.73e+01, Power=1.20e+00
  [eval] val_mse=1.043e+00  (n=1500)
Epoch 00090: Time=   7.5s, Loss=4.32e+00, Inv=4.32e+00, For=1.75e+01, Power=1.19e+00
  [eval] val_mse=1.032e+00  (n=1500)
Epoch 00091: Time=   7.5s, Loss=4.30e+00, Inv=4.30e+00, For=1.76e+01, Power=1.20e+00
  [eval] val_mse=1.023e+00  (n=1500)
Epoch 00092: Time=   7.5s, Loss=4.28e+00, Inv=4.28e+00, For=1.78e+01, Power=1.19e+00
  [eval] val_mse=1.015e+00  (n=1500)
Epoch 00093: Time=   7.5s, Loss=4.27e+00, Inv=4.27e+00, For=1.80e+01, Power=1.20e+00
  [eval] val_mse=1.007e+00  (n=1500)
Epoch 00094: Time=   7.5s, Loss=4.26e+00, Inv=4.26e+00, For=1.85e+01, Power=1.19e+00
  [eval] val_mse=9.970e-01  (n=1500)
Epoch 00095: Time=   7.6s, Loss=4.24e+00, Inv=4.24e+00, For=1.85e+01, Power=1.19e+00
  [eval] val_mse=9.888e-01  (n=1500)
Epoch 00096: Time=   7.6s, Loss=4.23e+00, Inv=4.23e+00, For=1.87e+01, Power=1.19e+00
  [eval] val_mse=9.809e-01  (n=1500)
Epoch 00097: Time=   7.6s, Loss=4.21e+00, Inv=4.21e+00, For=1.89e+01, Power=1.19e+00
  [eval] val_mse=9.744e-01  (n=1500)
Epoch 00098: Time=   7.6s, Loss=4.19e+00, Inv=4.19e+00, For=1.91e+01, Power=1.18e+00
  [eval] val_mse=9.682e-01  (n=1500)
Epoch 00099: Time=   7.6s, Loss=4.19e+00, Inv=4.19e+00, For=1.94e+01, Power=1.18e+00
  [eval] val_mse=9.598e-01  (n=1500)
Epoch 00100: Time=   7.7s, Loss=4.18e+00, Inv=4.18e+00, For=1.96e+01, Power=1.19e+00
  [eval] val_mse=9.524e-01  (n=1500)
Epoch 00101: Time=   7.7s, Loss=4.16e+00, Inv=4.16e+00, For=1.98e+01, Power=1.19e+00
  [eval] val_mse=9.452e-01  (n=1500)
Epoch 00102: Time=   7.7s, Loss=4.14e+00, Inv=4.14e+00, For=1.99e+01, Power=1.18e+00
  [eval] val_mse=9.407e-01  (n=1500)
Epoch 00103: Time=   7.7s, Loss=4.13e+00, Inv=4.13e+00, For=2.02e+01, Power=1.18e+00
  [eval] val_mse=9.348e-01  (n=1500)
Epoch 00104: Time=   7.7s, Loss=4.13e+00, Inv=4.13e+00, For=2.05e+01, Power=1.18e+00
  [eval] val_mse=9.276e-01  (n=1500)
Epoch 00105: Time=   7.8s, Loss=4.11e+00, Inv=4.11e+00, For=2.07e+01, Power=1.18e+00
  [eval] val_mse=9.224e-01  (n=1500)
Epoch 00106: Time=   7.8s, Loss=4.10e+00, Inv=4.10e+00, For=2.09e+01, Power=1.18e+00
  [eval] val_mse=9.160e-01  (n=1500)
Epoch 00107: Time=   7.8s, Loss=4.10e+00, Inv=4.10e+00, For=2.12e+01, Power=1.19e+00
  [eval] val_mse=9.104e-01  (n=1500)
Epoch 00108: Time=   7.8s, Loss=4.08e+00, Inv=4.08e+00, For=2.15e+01, Power=1.18e+00
  [eval] val_mse=9.056e-01  (n=1500)
Epoch 00109: Time=   7.8s, Loss=4.08e+00, Inv=4.08e+00, For=2.16e+01, Power=1.18e+00
  [eval] val_mse=8.994e-01  (n=1500)
Epoch 00110: Time=   7.9s, Loss=4.06e+00, Inv=4.06e+00, For=2.16e+01, Power=1.18e+00
  [eval] val_mse=8.949e-01  (n=1500)
Epoch 00111: Time=   7.9s, Loss=4.06e+00, Inv=4.06e+00, For=2.23e+01, Power=1.18e+00
  [eval] val_mse=8.910e-01  (n=1500)
Epoch 00112: Time=   7.9s, Loss=4.05e+00, Inv=4.05e+00, For=2.24e+01, Power=1.17e+00
  [eval] val_mse=8.846e-01  (n=1500)
Epoch 00113: Time=   7.9s, Loss=4.04e+00, Inv=4.04e+00, For=2.26e+01, Power=1.17e+00
  [eval] val_mse=8.829e-01  (n=1500)
Epoch 00114: Time=   8.0s, Loss=4.04e+00, Inv=4.04e+00, For=2.29e+01, Power=1.18e+00
  [eval] val_mse=8.753e-01  (n=1500)
Epoch 00115: Time=   8.0s, Loss=4.03e+00, Inv=4.03e+00, For=2.30e+01, Power=1.18e+00
  [eval] val_mse=8.713e-01  (n=1500)
Epoch 00116: Time=   8.0s, Loss=4.02e+00, Inv=4.02e+00, For=2.32e+01, Power=1.17e+00
  [eval] val_mse=8.677e-01  (n=1500)
Epoch 00117: Time=   8.0s, Loss=4.01e+00, Inv=4.01e+00, For=2.36e+01, Power=1.17e+00
  [eval] val_mse=8.622e-01  (n=1500)
Epoch 00118: Time=   8.1s, Loss=4.00e+00, Inv=4.00e+00, For=2.38e+01, Power=1.17e+00
  [eval] val_mse=8.577e-01  (n=1500)
Epoch 00119: Time=   8.1s, Loss=3.99e+00, Inv=3.99e+00, For=2.41e+01, Power=1.17e+00
  [eval] val_mse=8.534e-01  (n=1500)
Epoch 00120: Time=   8.1s, Loss=3.99e+00, Inv=3.99e+00, For=2.44e+01, Power=1.17e+00
  [eval] val_mse=8.507e-01  (n=1500)
Epoch 00121: Time=   8.1s, Loss=3.97e+00, Inv=3.97e+00, For=2.44e+01, Power=1.17e+00
  [eval] val_mse=8.473e-01  (n=1500)
Epoch 00122: Time=   8.1s, Loss=3.96e+00, Inv=3.96e+00, For=2.48e+01, Power=1.16e+00
  [eval] val_mse=8.436e-01  (n=1500)
Epoch 00123: Time=   8.2s, Loss=3.97e+00, Inv=3.97e+00, For=2.52e+01, Power=1.17e+00
  [eval] val_mse=8.385e-01  (n=1500)
Epoch 00124: Time=   8.2s, Loss=3.96e+00, Inv=3.96e+00, For=2.53e+01, Power=1.17e+00
  [eval] val_mse=8.353e-01  (n=1500)
Epoch 00125: Time=   8.2s, Loss=3.95e+00, Inv=3.95e+00, For=2.56e+01, Power=1.17e+00
  [eval] val_mse=8.312e-01  (n=1500)
Epoch 00126: Time=   8.2s, Loss=3.95e+00, Inv=3.95e+00, For=2.59e+01, Power=1.17e+00
  [eval] val_mse=8.296e-01  (n=1500)
Epoch 00127: Time=   8.2s, Loss=3.94e+00, Inv=3.94e+00, For=2.61e+01, Power=1.17e+00
  [eval] val_mse=8.254e-01  (n=1500)
Epoch 00128: Time=   8.3s, Loss=3.92e+00, Inv=3.92e+00, For=2.64e+01, Power=1.16e+00
  [eval] val_mse=8.226e-01  (n=1500)
Epoch 00129: Time=   8.3s, Loss=3.92e+00, Inv=3.92e+00, For=2.67e+01, Power=1.16e+00
  [eval] val_mse=8.192e-01  (n=1500)
Epoch 00130: Time=   8.3s, Loss=3.93e+00, Inv=3.93e+00, For=2.71e+01, Power=1.17e+00
  [eval] val_mse=8.177e-01  (n=1500)
Epoch 00131: Time=   8.3s, Loss=3.91e+00, Inv=3.91e+00, For=2.72e+01, Power=1.16e+00
  [eval] val_mse=8.137e-01  (n=1500)
Epoch 00132: Time=   8.3s, Loss=3.91e+00, Inv=3.91e+00, For=2.76e+01, Power=1.17e+00
  [eval] val_mse=8.112e-01  (n=1500)
Epoch 00133: Time=   8.4s, Loss=3.91e+00, Inv=3.91e+00, For=2.78e+01, Power=1.17e+00
  [eval] val_mse=8.074e-01  (n=1500)
Epoch 00134: Time=   8.4s, Loss=3.90e+00, Inv=3.90e+00, For=2.81e+01, Power=1.17e+00
  [eval] val_mse=8.036e-01  (n=1500)
Epoch 00135: Time=   8.4s, Loss=3.90e+00, Inv=3.90e+00, For=2.84e+01, Power=1.17e+00
  [eval] val_mse=8.026e-01  (n=1500)
Epoch 00136: Time=   8.4s, Loss=3.89e+00, Inv=3.89e+00, For=2.86e+01, Power=1.17e+00
  [eval] val_mse=7.990e-01  (n=1500)
Epoch 00137: Time=   8.4s, Loss=3.88e+00, Inv=3.88e+00, For=2.89e+01, Power=1.16e+00
  [eval] val_mse=7.968e-01  (n=1500)
Epoch 00138: Time=   8.5s, Loss=3.88e+00, Inv=3.88e+00, For=2.91e+01, Power=1.17e+00
  [eval] val_mse=7.934e-01  (n=1500)
Epoch 00139: Time=   8.5s, Loss=3.87e+00, Inv=3.87e+00, For=2.96e+01, Power=1.16e+00
  [eval] val_mse=7.913e-01  (n=1500)
Epoch 00140: Time=   8.5s, Loss=3.87e+00, Inv=3.87e+00, For=2.96e+01, Power=1.16e+00
  [eval] val_mse=7.894e-01  (n=1500)
Epoch 00141: Time=   8.5s, Loss=3.87e+00, Inv=3.87e+00, For=3.01e+01, Power=1.17e+00
  [eval] val_mse=7.873e-01  (n=1500)
Epoch 00142: Time=   8.6s, Loss=3.86e+00, Inv=3.86e+00, For=3.03e+01, Power=1.16e+00
  [eval] val_mse=7.854e-01  (n=1500)
Epoch 00143: Time=   8.6s, Loss=3.86e+00, Inv=3.86e+00, For=3.09e+01, Power=1.16e+00
  [eval] val_mse=7.818e-01  (n=1500)
Epoch 00144: Time=   8.6s, Loss=3.85e+00, Inv=3.85e+00, For=3.10e+01, Power=1.16e+00
  [eval] val_mse=7.783e-01  (n=1500)
Epoch 00145: Time=   8.6s, Loss=3.85e+00, Inv=3.85e+00, For=3.12e+01, Power=1.17e+00
  [eval] val_mse=7.776e-01  (n=1500)
Epoch 00146: Time=   8.6s, Loss=3.84e+00, Inv=3.84e+00, For=3.14e+01, Power=1.16e+00
  [eval] val_mse=7.759e-01  (n=1500)
Epoch 00147: Time=   8.7s, Loss=3.84e+00, Inv=3.84e+00, For=3.17e+01, Power=1.16e+00
  [eval] val_mse=7.730e-01  (n=1500)
Epoch 00148: Time=   8.7s, Loss=3.83e+00, Inv=3.83e+00, For=3.20e+01, Power=1.16e+00
  [eval] val_mse=7.722e-01  (n=1500)
Epoch 00149: Time=   8.7s, Loss=3.83e+00, Inv=3.83e+00, For=3.25e+01, Power=1.16e+00
  [eval] val_mse=7.698e-01  (n=1500)
Epoch 00150: Time=   8.7s, Loss=3.83e+00, Inv=3.83e+00, For=3.26e+01, Power=1.16e+00
  [eval] val_mse=7.688e-01  (n=1500)
Epoch 00151: Time=   8.7s, Loss=3.83e+00, Inv=3.83e+00, For=3.30e+01, Power=1.16e+00
  [eval] val_mse=7.657e-01  (n=1500)
Epoch 00152: Time=   8.8s, Loss=3.82e+00, Inv=3.82e+00, For=3.33e+01, Power=1.16e+00
  [eval] val_mse=7.655e-01  (n=1500)
Epoch 00153: Time=   8.8s, Loss=3.82e+00, Inv=3.82e+00, For=3.35e+01, Power=1.15e+00
  [eval] val_mse=7.628e-01  (n=1500)
Epoch 00154: Time=   8.8s, Loss=3.82e+00, Inv=3.82e+00, For=3.39e+01, Power=1.16e+00
  [eval] val_mse=7.597e-01  (n=1500)
Epoch 00155: Time=   8.8s, Loss=3.81e+00, Inv=3.81e+00, For=3.42e+01, Power=1.16e+00
  [eval] val_mse=7.599e-01  (n=1500)
Epoch 00156: Time=   8.8s, Loss=3.81e+00, Inv=3.81e+00, For=3.44e+01, Power=1.16e+00
  [eval] val_mse=7.568e-01  (n=1500)
Epoch 00157: Time=   8.9s, Loss=3.80e+00, Inv=3.80e+00, For=3.48e+01, Power=1.15e+00
  [eval] val_mse=7.542e-01  (n=1500)
Epoch 00158: Time=   8.9s, Loss=3.80e+00, Inv=3.80e+00, For=3.51e+01, Power=1.16e+00
  [eval] val_mse=7.520e-01  (n=1500)
Epoch 00159: Time=   8.9s, Loss=3.79e+00, Inv=3.79e+00, For=3.50e+01, Power=1.16e+00
  [eval] val_mse=7.515e-01  (n=1500)
Epoch 00160: Time=   8.9s, Loss=3.80e+00, Inv=3.80e+00, For=3.57e+01, Power=1.16e+00
  [eval] val_mse=7.504e-01  (n=1500)
Epoch 00161: Time=   8.9s, Loss=3.80e+00, Inv=3.80e+00, For=3.61e+01, Power=1.16e+00
  [eval] val_mse=7.475e-01  (n=1500)
Epoch 00162: Time=   9.0s, Loss=3.79e+00, Inv=3.79e+00, For=3.62e+01, Power=1.15e+00
  [eval] val_mse=7.464e-01  (n=1500)
Epoch 00163: Time=   9.0s, Loss=3.79e+00, Inv=3.79e+00, For=3.67e+01, Power=1.16e+00
  [eval] val_mse=7.453e-01  (n=1500)
Epoch 00164: Time=   9.0s, Loss=3.78e+00, Inv=3.78e+00, For=3.71e+01, Power=1.16e+00
  [eval] val_mse=7.435e-01  (n=1500)
Epoch 00165: Time=   9.0s, Loss=3.78e+00, Inv=3.78e+00, For=3.73e+01, Power=1.16e+00
  [eval] val_mse=7.423e-01  (n=1500)
Epoch 00166: Time=   9.1s, Loss=3.77e+00, Inv=3.77e+00, For=3.78e+01, Power=1.16e+00
  [eval] val_mse=7.411e-01  (n=1500)
Epoch 00167: Time=   9.1s, Loss=3.77e+00, Inv=3.77e+00, For=3.79e+01, Power=1.16e+00
  [eval] val_mse=7.386e-01  (n=1500)
Epoch 00168: Time=   9.1s, Loss=3.77e+00, Inv=3.77e+00, For=3.83e+01, Power=1.16e+00
  [eval] val_mse=7.372e-01  (n=1500)
Epoch 00169: Time=   9.1s, Loss=3.76e+00, Inv=3.76e+00, For=3.87e+01, Power=1.16e+00
  [eval] val_mse=7.366e-01  (n=1500)
Epoch 00170: Time=   9.1s, Loss=3.76e+00, Inv=3.76e+00, For=3.90e+01, Power=1.16e+00
  [eval] val_mse=7.352e-01  (n=1500)
Epoch 00171: Time=   9.2s, Loss=3.76e+00, Inv=3.76e+00, For=3.94e+01, Power=1.16e+00
  [eval] val_mse=7.344e-01  (n=1500)
Epoch 00172: Time=   9.2s, Loss=3.76e+00, Inv=3.76e+00, For=3.98e+01, Power=1.16e+00
  [eval] val_mse=7.336e-01  (n=1500)
Epoch 00173: Time=   9.2s, Loss=3.76e+00, Inv=3.76e+00, For=4.00e+01, Power=1.16e+00
  [eval] val_mse=7.308e-01  (n=1500)
Epoch 00174: Time=   9.2s, Loss=3.75e+00, Inv=3.75e+00, For=4.02e+01, Power=1.16e+00
  [eval] val_mse=7.324e-01  (n=1500)
Epoch 00175: Time=   9.2s, Loss=3.75e+00, Inv=3.75e+00, For=4.06e+01, Power=1.15e+00
  [eval] val_mse=7.291e-01  (n=1500)
Epoch 00176: Time=   9.3s, Loss=3.74e+00, Inv=3.74e+00, For=4.09e+01, Power=1.15e+00
  [eval] val_mse=7.275e-01  (n=1500)
Epoch 00177: Time=   9.3s, Loss=3.75e+00, Inv=3.75e+00, For=4.15e+01, Power=1.15e+00
  [eval] val_mse=7.290e-01  (n=1500)
Epoch 00178: Time=   9.3s, Loss=3.74e+00, Inv=3.74e+00, For=4.15e+01, Power=1.16e+00
  [eval] val_mse=7.266e-01  (n=1500)
Epoch 00179: Time=   9.3s, Loss=3.74e+00, Inv=3.74e+00, For=4.21e+01, Power=1.16e+00
  [eval] val_mse=7.248e-01  (n=1500)
Epoch 00180: Time=   9.3s, Loss=3.74e+00, Inv=3.74e+00, For=4.24e+01, Power=1.16e+00
  [eval] val_mse=7.236e-01  (n=1500)
Epoch 00181: Time=   9.4s, Loss=3.74e+00, Inv=3.74e+00, For=4.28e+01, Power=1.16e+00
  [eval] val_mse=7.213e-01  (n=1500)
Epoch 00182: Time=   9.4s, Loss=3.73e+00, Inv=3.73e+00, For=4.29e+01, Power=1.16e+00
  [eval] val_mse=7.222e-01  (n=1500)
Epoch 00183: Time=   9.4s, Loss=3.73e+00, Inv=3.73e+00, For=4.34e+01, Power=1.16e+00
  [eval] val_mse=7.200e-01  (n=1500)
Epoch 00184: Time=   9.4s, Loss=3.73e+00, Inv=3.73e+00, For=4.38e+01, Power=1.17e+00
  [eval] val_mse=7.195e-01  (n=1500)
Epoch 00185: Time=   9.4s, Loss=3.73e+00, Inv=3.73e+00, For=4.43e+01, Power=1.16e+00
  [eval] val_mse=7.188e-01  (n=1500)
Epoch 00186: Time=   9.5s, Loss=3.73e+00, Inv=3.73e+00, For=4.45e+01, Power=1.16e+00
  [eval] val_mse=7.175e-01  (n=1500)
Epoch 00187: Time=   9.5s, Loss=3.73e+00, Inv=3.73e+00, For=4.51e+01, Power=1.16e+00
  [eval] val_mse=7.154e-01  (n=1500)
Epoch 00188: Time=   9.5s, Loss=3.72e+00, Inv=3.72e+00, For=4.51e+01, Power=1.17e+00
  [eval] val_mse=7.160e-01  (n=1500)
Epoch 00189: Time=   9.5s, Loss=3.71e+00, Inv=3.71e+00, For=4.56e+01, Power=1.15e+00
  [eval] val_mse=7.151e-01  (n=1500)
Epoch 00190: Time=   9.6s, Loss=3.71e+00, Inv=3.71e+00, For=4.62e+01, Power=1.16e+00
  [eval] val_mse=7.141e-01  (n=1500)
Epoch 00191: Time=   9.6s, Loss=3.71e+00, Inv=3.71e+00, For=4.65e+01, Power=1.16e+00
  [eval] val_mse=7.138e-01  (n=1500)
Epoch 00192: Time=   9.6s, Loss=3.72e+00, Inv=3.72e+00, For=4.65e+01, Power=1.16e+00
  [eval] val_mse=7.128e-01  (n=1500)
Epoch 00193: Time=   9.6s, Loss=3.71e+00, Inv=3.71e+00, For=4.71e+01, Power=1.16e+00
  [eval] val_mse=7.130e-01  (n=1500)
Epoch 00194: Time=   9.6s, Loss=3.71e+00, Inv=3.71e+00, For=4.79e+01, Power=1.16e+00
  [eval] val_mse=7.104e-01  (n=1500)
Epoch 00195: Time=   9.7s, Loss=3.70e+00, Inv=3.70e+00, For=4.78e+01, Power=1.16e+00
  [eval] val_mse=7.099e-01  (n=1500)
Epoch 00196: Time=   9.7s, Loss=3.70e+00, Inv=3.70e+00, For=4.81e+01, Power=1.17e+00
  [eval] val_mse=7.086e-01  (n=1500)
Epoch 00197: Time=   9.7s, Loss=3.69e+00, Inv=3.69e+00, For=4.88e+01, Power=1.15e+00
  [eval] val_mse=7.090e-01  (n=1500)
Epoch 00198: Time=   9.7s, Loss=3.70e+00, Inv=3.70e+00, For=4.94e+01, Power=1.16e+00
  [eval] val_mse=7.070e-01  (n=1500)
Epoch 00199: Time=   9.7s, Loss=3.69e+00, Inv=3.69e+00, For=4.98e+01, Power=1.16e+00
  [eval] val_mse=7.074e-01  (n=1500)
Epoch 00200: Time=   9.8s, Loss=3.69e+00, Inv=3.69e+00, For=4.93e+01, Power=1.16e+00
  [eval] val_mse=7.060e-01  (n=1500)
Saved DeLaN checkpoint: /workspace/shared/models/delan/UR3_Load0_cc__sweep1__K32__seed0__delan_jax_struct_s1_ep200_actsoftplus_b1024_lr1e-4_wd1e-5_w256_d2/UR3_Load0_cc__sweep1__K32__seed0__delan_jax_struct_s1_ep200_actsoftplus_b1024_lr1e-4_wd1e-5_w256_d2.jax
Saved training history: /workspace/shared/models/delan/UR3_Load0_cc__sweep1__K32__seed0__delan_jax_struct_s1_ep200_actsoftplus_b1024_lr1e-4_wd1e-5_w256_d2/UR3_Load0_cc__sweep1__K32__seed0__delan_jax_struct_s1_ep200_actsoftplus_b1024_lr1e-4_wd1e-5_w256_d2__train_history.csv

################################################
Evaluating DeLaN | run=UR3_Load0_cc__sweep1__K32__seed0__delan_jax_struct_s1_ep200_actsoftplus_b1024_lr1e-4_wd1e-5_w256_d2
  [val] Torque RMSE = 3.430e-01
Torque MSE  = 1.060e-01
Torque RMSE = 3.256e-01
Per-joint MSE : 1.207e-01 1.617e-01 7.871e-02 7.099e-02 1.458e-01 5.805e-02
Per-joint RMSE: 3.474e-01 4.021e-01 2.806e-01 2.664e-01 3.819e-01 2.409e-01
Comp Time per Sample = 2.591e-04s / 3859.0Hz
Saved metrics TXT: /workspace/shared/models/delan/UR3_Load0_cc__sweep1__K32__seed0__delan_jax_struct_s1_ep200_actsoftplus_b1024_lr1e-4_wd1e-5_w256_d2/metrics_test.txt
Saved metrics JSON: /workspace/shared/models/delan/UR3_Load0_cc__sweep1__K32__seed0__delan_jax_struct_s1_ep200_actsoftplus_b1024_lr1e-4_wd1e-5_w256_d2/metrics.json

#######################################################################################################################################################################################################################################################
### DELAN VARIANT: delan_seed=2                                                                                                                                                                                                                     ###
### ckpt=/workspace/shared/models/delan/UR3_Load0_cc__sweep1__K32__seed0__delan_jax_struct_s2_ep200_actsoftplus_b1024_lr1e-4_wd1e-5_w256_d2/UR3_Load0_cc__sweep1__K32__seed0__delan_jax_struct_s2_ep200_actsoftplus_b1024_lr1e-4_wd1e-5_w256_d2.jax ###
#######################################################################################################################################################################################################################################################

######################
### 2) DELAN TRAIN ###
######################

==========================================================================================================================================================================================================================================================================================================================================================================================================================================================================================================================================================================================================================================================================================================================================================================================================================================================================================================================================================================================================================
=== docker compose -p payload_estimation --project-directory /home/robat/.localgit/algorithmic_payload_estimation/payload_estimation --env-file /home/robat/.localgit/algorithmic_payload_estimation/payload_estimation/.env -f /home/robat/.localgit/algorithmic_payload_estimation/payload_estimation/docker-compose.yml exec -T delan_jax bash -lc 'python3 /workspace/delan_jax/scripts/rbyt_train_delan_jax.py --npz /workspace/shared/data/preprocessed/delan_UR3_Load0_cc_K32_tf0p2_vf0p1_seed0_dataset/delan_UR3_Load0_cc_K32_tf0p2_vf0p1_seed0_dataset.npz -t structured -s 2 -r 0 --hp_preset lutter_like_256 --epochs 200 --eval_every 1 --log_every 1 --early_stop --early_stop_patience 10 --early_stop_min_delta 0.0 --early_stop_warmup_evals 0 --save_path /workspace/shared/models/delan/UR3_Load0_cc__sweep1__K32__seed0__delan_jax_struct_s2_ep200_actsoftplus_b1024_lr1e-4_wd1e-5_w256_d2/UR3_Load0_cc__sweep1__K32__seed0__delan_jax_struct_s2_ep200_actsoftplus_b1024_lr1e-4_wd1e-5_w256_d2.jax' ===
==========================================================================================================================================================================================================================================================================================================================================================================================================================================================================================================================================================================================================================================================================================================================================================================================================================================================================================================================================================================================================================
