#################################################################################################
### DeLaN best plots                                                                          ###
### ts=20260130_041354                                                                        ###
### run_tag=best5x10L0                                                                        ###
### out_dir=/workspace/shared/evaluation/delan_best/UR3_Load0_cc__best5x10L0__20260130_041354 ###
#################################################################################################

==================================================================================================================================================================================================================================================================================================================================================================================================================================================================================================================================================================================================
=== docker compose -p payload_estimation --project-directory /home/robat/.localgit/algorithmic_payload_estimation/payload_estimation --env-file /home/robat/.localgit/algorithmic_payload_estimation/payload_estimation/.env -f /home/robat/.localgit/algorithmic_payload_estimation/payload_estimation/docker-compose.yml exec -T evaluation bash -lc 'python3 scripts/delan_best_fold_plots.py --summary_jsonl /workspace/shared/evaluation/summary_delan_best_runs_20260130_041354.jsonl --out_dir /workspace/shared/evaluation/delan_best/UR3_Load0_cc__best5x10L0__20260130_041354/folds' ===
==================================================================================================================================================================================================================================================================================================================================================================================================================================================================================================================================================================================================
/workspace/shared/.mplconfig is not a writable directory
Matplotlib created a temporary cache directory at /tmp/matplotlib-6qrwgc2z because there was an issue with the default path (/workspace/shared/.mplconfig); it is highly recommended to set the MPLCONFIGDIR environment variable to a writable directory, in particular to speed up the import of Matplotlib and to better support multiprocessing.
[info] summary_jsonl=/workspace/shared/evaluation/summary_delan_best_runs_20260130_041354.jsonl rows=150
[info] out_dir=/workspace/shared/evaluation/delan_best/UR3_Load0_cc__best5x10L0__20260130_041354/folds MPLCONFIGDIR=/tmp/matplotlib-6qrwgc2z
[info] groups=30
[info] saved /workspace/shared/evaluation/delan_best/UR3_Load0_cc__best5x10L0__20260130_041354/folds/delan_best_fold_K84__hp_lutter_like_128__d0.png
[info] saved /workspace/shared/evaluation/delan_best/UR3_Load0_cc__best5x10L0__20260130_041354/folds/delan_best_fold_K84__hp_lutter_like_128__d1.png
[info] saved /workspace/shared/evaluation/delan_best/UR3_Load0_cc__best5x10L0__20260130_041354/folds/delan_best_fold_K84__hp_lutter_like_128__d2.png
[info] saved /workspace/shared/evaluation/delan_best/UR3_Load0_cc__best5x10L0__20260130_041354/folds/delan_best_fold_K84__hp_lutter_like_128__d3.png
[info] saved /workspace/shared/evaluation/delan_best/UR3_Load0_cc__best5x10L0__20260130_041354/folds/delan_best_fold_K84__hp_lutter_like_128__d4.png
[info] saved /workspace/shared/evaluation/delan_best/UR3_Load0_cc__best5x10L0__20260130_041354/folds/delan_best_fold_K84__hp_lutter_like_128__d5.png
[info] saved /workspace/shared/evaluation/delan_best/UR3_Load0_cc__best5x10L0__20260130_041354/folds/delan_best_fold_K84__hp_lutter_like_256__d0.png
[info] saved /workspace/shared/evaluation/delan_best/UR3_Load0_cc__best5x10L0__20260130_041354/folds/delan_best_fold_K84__hp_lutter_like_256__d1.png
[info] saved /workspace/shared/evaluation/delan_best/UR3_Load0_cc__best5x10L0__20260130_041354/folds/delan_best_fold_K84__hp_lutter_like_256__d2.png
[info] saved /workspace/shared/evaluation/delan_best/UR3_Load0_cc__best5x10L0__20260130_041354/folds/delan_best_fold_K84__hp_lutter_like_256__d3.png
[info] saved /workspace/shared/evaluation/delan_best/UR3_Load0_cc__best5x10L0__20260130_041354/folds/delan_best_fold_K84__hp_lutter_like_256__d4.png
[info] saved /workspace/shared/evaluation/delan_best/UR3_Load0_cc__best5x10L0__20260130_041354/folds/delan_best_fold_K84__hp_lutter_like_256__d5.png
[info] saved /workspace/shared/evaluation/delan_best/UR3_Load0_cc__best5x10L0__20260130_041354/folds/delan_best_fold_K84__hp_lutter_like_256_d3__d0.png
[info] saved /workspace/shared/evaluation/delan_best/UR3_Load0_cc__best5x10L0__20260130_041354/folds/delan_best_fold_K84__hp_lutter_like_256_d3__d1.png
[info] saved /workspace/shared/evaluation/delan_best/UR3_Load0_cc__best5x10L0__20260130_041354/folds/delan_best_fold_K84__hp_lutter_like_256_d3__d2.png
[info] saved /workspace/shared/evaluation/delan_best/UR3_Load0_cc__best5x10L0__20260130_041354/folds/delan_best_fold_K84__hp_lutter_like_256_d3__d3.png
[info] saved /workspace/shared/evaluation/delan_best/UR3_Load0_cc__best5x10L0__20260130_041354/folds/delan_best_fold_K84__hp_lutter_like_256_d3__d4.png
[info] saved /workspace/shared/evaluation/delan_best/UR3_Load0_cc__best5x10L0__20260130_041354/folds/delan_best_fold_K84__hp_lutter_like_256_d3__d5.png
[info] saved /workspace/shared/evaluation/delan_best/UR3_Load0_cc__best5x10L0__20260130_041354/folds/delan_best_fold_K84__hp_lutter_like_256_lr5e5__d0.png
[info] saved /workspace/shared/evaluation/delan_best/UR3_Load0_cc__best5x10L0__20260130_041354/folds/delan_best_fold_K84__hp_lutter_like_256_lr5e5__d1.png
[info] saved /workspace/shared/evaluation/delan_best/UR3_Load0_cc__best5x10L0__20260130_041354/folds/delan_best_fold_K84__hp_lutter_like_256_lr5e5__d2.png
[info] saved /workspace/shared/evaluation/delan_best/UR3_Load0_cc__best5x10L0__20260130_041354/folds/delan_best_fold_K84__hp_lutter_like_256_lr5e5__d3.png
[info] saved /workspace/shared/evaluation/delan_best/UR3_Load0_cc__best5x10L0__20260130_041354/folds/delan_best_fold_K84__hp_lutter_like_256_lr5e5__d4.png
[info] saved /workspace/shared/evaluation/delan_best/UR3_Load0_cc__best5x10L0__20260130_041354/folds/delan_best_fold_K84__hp_lutter_like_256_lr5e5__d5.png
[info] saved /workspace/shared/evaluation/delan_best/UR3_Load0_cc__best5x10L0__20260130_041354/folds/delan_best_fold_K84__hp_lutter_like_256_wd1e4__d0.png
[info] saved /workspace/shared/evaluation/delan_best/UR3_Load0_cc__best5x10L0__20260130_041354/folds/delan_best_fold_K84__hp_lutter_like_256_wd1e4__d1.png
[info] saved /workspace/shared/evaluation/delan_best/UR3_Load0_cc__best5x10L0__20260130_041354/folds/delan_best_fold_K84__hp_lutter_like_256_wd1e4__d2.png
[info] saved /workspace/shared/evaluation/delan_best/UR3_Load0_cc__best5x10L0__20260130_041354/folds/delan_best_fold_K84__hp_lutter_like_256_wd1e4__d3.png
[info] saved /workspace/shared/evaluation/delan_best/UR3_Load0_cc__best5x10L0__20260130_041354/folds/delan_best_fold_K84__hp_lutter_like_256_wd1e4__d4.png
[info] saved /workspace/shared/evaluation/delan_best/UR3_Load0_cc__best5x10L0__20260130_041354/folds/delan_best_fold_K84__hp_lutter_like_256_wd1e4__d5.png


========================================================================================================================================================================================================================================================================================================================================================================================================================================================================================================================================================================================================================
=== docker compose -p payload_estimation --project-directory /home/robat/.localgit/algorithmic_payload_estimation/payload_estimation --env-file /home/robat/.localgit/algorithmic_payload_estimation/payload_estimation/.env -f /home/robat/.localgit/algorithmic_payload_estimation/payload_estimation/docker-compose.yml exec -T evaluation bash -lc 'python3 scripts/delan_best_hyper_scatter.py --summary_jsonl /workspace/shared/evaluation/summary_best5x10L0_delan_best_hypers.jsonl --out_dir /workspace/shared/evaluation/delan_best/UR3_Load0_cc__best5x10L0__20260130_041354/hypers --run_tag best5x10L0' ===
========================================================================================================================================================================================================================================================================================================================================================================================================================================================================================================================================================================================================================
/workspace/shared/.mplconfig is not a writable directory
Matplotlib created a temporary cache directory at /tmp/matplotlib-vvk9xpm6 because there was an issue with the default path (/workspace/shared/.mplconfig); it is highly recommended to set the MPLCONFIGDIR environment variable to a writable directory, in particular to speed up the import of Matplotlib and to better support multiprocessing.
[info] summary_jsonl=/workspace/shared/evaluation/summary_best5x10L0_delan_best_hypers.jsonl rows=5 run_tag=best5x10L0
[info] out_dir=/workspace/shared/evaluation/delan_best/UR3_Load0_cc__best5x10L0__20260130_041354/hypers MPLCONFIGDIR=/tmp/matplotlib-vvk9xpm6
[info] points_a=5 points_b=5
[info] saved /workspace/shared/evaluation/delan_best/UR3_Load0_cc__best5x10L0__20260130_041354/hypers/scatter_accuracy_vs_stability.png
[info] saved /workspace/shared/evaluation/delan_best/UR3_Load0_cc__best5x10L0__20260130_041354/hypers/scatter_val_vs_test.png


====================================================================================================================================================================================================================================================================================================================================================================================================================================================================================================================================================================================================================================================================================================================================================
=== docker compose -p payload_estimation --project-directory /home/robat/.localgit/algorithmic_payload_estimation/payload_estimation --env-file /home/robat/.localgit/algorithmic_payload_estimation/payload_estimation/.env -f /home/robat/.localgit/algorithmic_payload_estimation/payload_estimation/docker-compose.yml exec -T evaluation bash -lc 'python3 scripts/delan_best_torque_rmse_aggregate.py --summary_jsonl /workspace/shared/evaluation/summary_delan_best_folds_20260130_041354.jsonl --out_dir /workspace/shared/evaluation/delan_best/UR3_Load0_cc__best5x10L0__20260130_041354/torque --bins 200 --split test --hp_presets lutter_like_128,lutter_like_256,lutter_like_256_d3,lutter_like_256_lr5e5,lutter_like_256_wd1e4 ' ===
====================================================================================================================================================================================================================================================================================================================================================================================================================================================================================================================================================================================================================================================================================================================================================
/workspace/shared/.mplconfig is not a writable directory
Matplotlib created a temporary cache directory at /tmp/matplotlib-pxh8jpb0 because there was an issue with the default path (/workspace/shared/.mplconfig); it is highly recommended to set the MPLCONFIGDIR environment variable to a writable directory, in particular to speed up the import of Matplotlib and to better support multiprocessing.
Traceback (most recent call last):
  File "/workspace/evaluation/scripts/delan_best_torque_rmse_aggregate.py", line 266, in <module>
    main()
  File "/workspace/evaluation/scripts/delan_best_torque_rmse_aggregate.py", line 96, in main
    raise FileNotFoundError(f"summary_jsonl not found: {summary_path}")
FileNotFoundError: summary_jsonl not found: /workspace/shared/evaluation/summary_delan_best_folds_20260130_041354.jsonl

