#####################################################################################################
### LSTM best plots                                                                               ###
### ts=20260129_184850                                                                            ###
### out_dir=/workspace/shared/evaluation/lstm_best/UR3_Load0_cc__delanModelStory__20260129_184850 ###
#####################################################################################################

==========================================================================================================================================================================================================================================================================================================================================================================================================================================================================================================================================================================================================================================================================
=== docker compose -p payload_estimation --project-directory /home/robat/.localgit/algorithmic_payload_estimation/payload_estimation --env-file /home/robat/.localgit/algorithmic_payload_estimation/payload_estimation/.env -f /home/robat/.localgit/algorithmic_payload_estimation/payload_estimation/docker-compose.yml exec -T evaluation bash -lc 'python3 scripts/lstm_best_residual_rmse_aggregate.py --summary_jsonl /workspace/shared/evaluation/summary_lstm_best_runs_20260129_184850.jsonl --out_dir /workspace/shared/evaluation/lstm_best/UR3_Load0_cc__delanModelStory__20260129_184850/feat_full/residual --bins 200 --feature full --h_values 50,100' ===
==========================================================================================================================================================================================================================================================================================================================================================================================================================================================================================================================================================================================================================================================================
/workspace/shared/.mplconfig is not a writable directory
Matplotlib created a temporary cache directory at /tmp/matplotlib-_x0e9x7h because there was an issue with the default path (/workspace/shared/.mplconfig); it is highly recommended to set the MPLCONFIGDIR environment variable to a writable directory, in particular to speed up the import of Matplotlib and to better support multiprocessing.


==================================================================================================================================================================================================================================================================================================================================================================================================================================================================================================================================================================================================================================================================================================
=== docker compose -p payload_estimation --project-directory /home/robat/.localgit/algorithmic_payload_estimation/payload_estimation --env-file /home/robat/.localgit/algorithmic_payload_estimation/payload_estimation/.env -f /home/robat/.localgit/algorithmic_payload_estimation/payload_estimation/docker-compose.yml exec -T evaluation bash -lc 'python3 scripts/lstm_best_combined_torque_rmse_aggregate.py --summary_jsonl /workspace/shared/evaluation/summary_lstm_best_combined_20260129_184850.jsonl --out_dir /workspace/shared/evaluation/lstm_best/UR3_Load0_cc__delanModelStory__20260129_184850/feat_full/combined --bins 200 --split test --feature full --h_values 50,100' ===
==================================================================================================================================================================================================================================================================================================================================================================================================================================================================================================================================================================================================================================================================================================
/workspace/shared/.mplconfig is not a writable directory
Matplotlib created a temporary cache directory at /tmp/matplotlib-484_z48u because there was an issue with the default path (/workspace/shared/.mplconfig); it is highly recommended to set the MPLCONFIGDIR environment variable to a writable directory, in particular to speed up the import of Matplotlib and to better support multiprocessing.


============================================================================================================================================================================================================================================================================================================================================================================================================================================================================================================================================================================================================================================================================
=== docker compose -p payload_estimation --project-directory /home/robat/.localgit/algorithmic_payload_estimation/payload_estimation --env-file /home/robat/.localgit/algorithmic_payload_estimation/payload_estimation/.env -f /home/robat/.localgit/algorithmic_payload_estimation/payload_estimation/docker-compose.yml exec -T evaluation bash -lc 'python3 scripts/lstm_best_residual_rmse_aggregate.py --summary_jsonl /workspace/shared/evaluation/summary_lstm_best_runs_20260129_184850.jsonl --out_dir /workspace/shared/evaluation/lstm_best/UR3_Load0_cc__delanModelStory__20260129_184850/feat_state/residual --bins 200 --feature state --h_values 50,100' ===
============================================================================================================================================================================================================================================================================================================================================================================================================================================================================================================================================================================================================================================================================
/workspace/shared/.mplconfig is not a writable directory
Matplotlib created a temporary cache directory at /tmp/matplotlib-xm_bp6vz because there was an issue with the default path (/workspace/shared/.mplconfig); it is highly recommended to set the MPLCONFIGDIR environment variable to a writable directory, in particular to speed up the import of Matplotlib and to better support multiprocessing.


====================================================================================================================================================================================================================================================================================================================================================================================================================================================================================================================================================================================================================================================================================================
=== docker compose -p payload_estimation --project-directory /home/robat/.localgit/algorithmic_payload_estimation/payload_estimation --env-file /home/robat/.localgit/algorithmic_payload_estimation/payload_estimation/.env -f /home/robat/.localgit/algorithmic_payload_estimation/payload_estimation/docker-compose.yml exec -T evaluation bash -lc 'python3 scripts/lstm_best_combined_torque_rmse_aggregate.py --summary_jsonl /workspace/shared/evaluation/summary_lstm_best_combined_20260129_184850.jsonl --out_dir /workspace/shared/evaluation/lstm_best/UR3_Load0_cc__delanModelStory__20260129_184850/feat_state/combined --bins 200 --split test --feature state --h_values 50,100' ===
====================================================================================================================================================================================================================================================================================================================================================================================================================================================================================================================================================================================================================================================================================================
/workspace/shared/.mplconfig is not a writable directory
Matplotlib created a temporary cache directory at /tmp/matplotlib-v9_uvtla because there was an issue with the default path (/workspace/shared/.mplconfig); it is highly recommended to set the MPLCONFIGDIR environment variable to a writable directory, in particular to speed up the import of Matplotlib and to better support multiprocessing.


=============================================================================================================================================================================================================================================================================================================================================================================================================================================================================================================================================================
=== docker compose -p payload_estimation --project-directory /home/robat/.localgit/algorithmic_payload_estimation/payload_estimation --env-file /home/robat/.localgit/algorithmic_payload_estimation/payload_estimation/.env -f /home/robat/.localgit/algorithmic_payload_estimation/payload_estimation/docker-compose.yml exec -T evaluation bash -lc 'python3 scripts/lstm_metrics_boxplots.py --lstm_root /workspace/shared/models/lstm/best --out_dir /workspace/shared/evaluation/lstm_best/UR3_Load0_cc__delanModelStory__20260129_184850/boxplots' ===
=============================================================================================================================================================================================================================================================================================================================================================================================================================================================================================================================================================
/workspace/shared/.mplconfig is not a writable directory
Matplotlib created a temporary cache directory at /tmp/matplotlib-iyhli4y4 because there was an issue with the default path (/workspace/shared/.mplconfig); it is highly recommended to set the MPLCONFIGDIR environment variable to a writable directory, in particular to speed up the import of Matplotlib and to better support multiprocessing.
/workspace/evaluation/scripts/lstm_metrics_boxplots.py:180: MatplotlibDeprecationWarning: The 'labels' parameter of boxplot() has been renamed 'tick_labels' since Matplotlib 3.9; support for the old name will be dropped in 3.11.
  ax1.boxplot([groups[k] for k in top_lbl], labels=top_disp, showmeans=True)
/workspace/evaluation/scripts/lstm_metrics_boxplots.py:187: MatplotlibDeprecationWarning: The 'labels' parameter of boxplot() has been renamed 'tick_labels' since Matplotlib 3.9; support for the old name will be dropped in 3.11.
  ax2.boxplot([groups[k] for k in bot_lbl], labels=bot_disp, showmeans=True)
/workspace/evaluation/scripts/lstm_metrics_boxplots.py:180: MatplotlibDeprecationWarning: The 'labels' parameter of boxplot() has been renamed 'tick_labels' since Matplotlib 3.9; support for the old name will be dropped in 3.11.
  ax1.boxplot([groups[k] for k in top_lbl], labels=top_disp, showmeans=True)
/workspace/evaluation/scripts/lstm_metrics_boxplots.py:187: MatplotlibDeprecationWarning: The 'labels' parameter of boxplot() has been renamed 'tick_labels' since Matplotlib 3.9; support for the old name will be dropped in 3.11.
  ax2.boxplot([groups[k] for k in bot_lbl], labels=bot_disp, showmeans=True)
/workspace/evaluation/scripts/lstm_metrics_boxplots.py:199: MatplotlibDeprecationWarning: The 'labels' parameter of boxplot() has been renamed 'tick_labels' since Matplotlib 3.9; support for the old name will be dropped in 3.11.
  plt.boxplot(data, labels=disp, showmeans=True)
/workspace/evaluation/scripts/lstm_metrics_boxplots.py:240: MatplotlibDeprecationWarning: The 'labels' parameter of boxplot() has been renamed 'tick_labels' since Matplotlib 3.9; support for the old name will be dropped in 3.11.
  ax.boxplot(data, labels=disp, showmeans=True)
/workspace/evaluation/scripts/lstm_metrics_boxplots.py:240: MatplotlibDeprecationWarning: The 'labels' parameter of boxplot() has been renamed 'tick_labels' since Matplotlib 3.9; support for the old name will be dropped in 3.11.
  ax.boxplot(data, labels=disp, showmeans=True)
/workspace/evaluation/scripts/lstm_metrics_boxplots.py:240: MatplotlibDeprecationWarning: The 'labels' parameter of boxplot() has been renamed 'tick_labels' since Matplotlib 3.9; support for the old name will be dropped in 3.11.
  ax.boxplot(data, labels=disp, showmeans=True)
/workspace/evaluation/scripts/lstm_metrics_boxplots.py:240: MatplotlibDeprecationWarning: The 'labels' parameter of boxplot() has been renamed 'tick_labels' since Matplotlib 3.9; support for the old name will be dropped in 3.11.
  ax.boxplot(data, labels=disp, showmeans=True)
/workspace/evaluation/scripts/lstm_metrics_boxplots.py:240: MatplotlibDeprecationWarning: The 'labels' parameter of boxplot() has been renamed 'tick_labels' since Matplotlib 3.9; support for the old name will be dropped in 3.11.
  ax.boxplot(data, labels=disp, showmeans=True)
/workspace/evaluation/scripts/lstm_metrics_boxplots.py:240: MatplotlibDeprecationWarning: The 'labels' parameter of boxplot() has been renamed 'tick_labels' since Matplotlib 3.9; support for the old name will be dropped in 3.11.
  ax.boxplot(data, labels=disp, showmeans=True)
/workspace/evaluation/scripts/lstm_metrics_boxplots.py:180: MatplotlibDeprecationWarning: The 'labels' parameter of boxplot() has been renamed 'tick_labels' since Matplotlib 3.9; support for the old name will be dropped in 3.11.
  ax1.boxplot([groups[k] for k in top_lbl], labels=top_disp, showmeans=True)
/workspace/evaluation/scripts/lstm_metrics_boxplots.py:187: MatplotlibDeprecationWarning: The 'labels' parameter of boxplot() has been renamed 'tick_labels' since Matplotlib 3.9; support for the old name will be dropped in 3.11.
  ax2.boxplot([groups[k] for k in bot_lbl], labels=bot_disp, showmeans=True)
[lstm_metrics_boxplots] Saved plots to: /workspace/shared/evaluation/lstm_best/UR3_Load0_cc__delanModelStory__20260129_184850/boxplots

!!!!!!!!!!!!!!!!!!!!!!!!!!!!!!!!!!!!!!!!!!!!!!!!!!!
!!! Skip final eval: best model info incomplete !!!
!!!!!!!!!!!!!!!!!!!!!!!!!!!!!!!!!!!!!!!!!!!!!!!!!!!
#####################################################################################################
### LSTM best plots finished                                                                      ###
### ts=20260129_184850                                                                            ###
### out_dir=/workspace/shared/evaluation/lstm_best/UR3_Load0_cc__delanModelStory__20260129_184850 ###
#####################################################################################################
